2024-01-18 02:24:11.198 [WRN] Failed to determine the https port for redirect.
2024-01-18 02:24:11.460 [INF] [Request] Http POST - /api/Token/TakeToken
2024-01-18 02:24:17.208 [INF] [Response] Http POST - /api/Token/TakeToken - Responded 200 in 5747,3165 ms.
2024-01-18 02:24:17.212 [INF] HTTP POST /api/Token/TakeToken responded 200 in 6018.0138 ms
2024-01-18 02:25:07.170 [INF] [Request] Http POST - /api/AdminPanel/Report
2024-01-18 02:25:07.561 [INF] [Response] Http POST - /api/AdminPanel/Report - Responded 200 in 390,7965 ms.
2024-01-18 02:25:07.561 [INF] HTTP POST /api/AdminPanel/Report responded 200 in 401.0803 ms
2024-01-18 02:25:13.711 [INF] [Request] Http POST - /api/AdminPanel/Report
2024-01-18 02:25:13.715 [INF] [Response] Http POST - /api/AdminPanel/Report - Responded 200 in 3,8989 ms.
2024-01-18 02:25:13.716 [INF] HTTP POST /api/AdminPanel/Report responded 200 in 8.4418 ms
2024-01-18 02:25:47.148 [INF] [Request] Http POST - /api/AdminPanel/Report
2024-01-18 02:26:29.862 [WRN] Failed to determine the https port for redirect.
2024-01-18 02:26:30.097 [INF] [Request] Http POST - /api/AdminPanel/Report
2024-01-18 02:26:45.778 [INF] [Response] Http POST - /api/AdminPanel/Report - Responded 200 in 15680,1758 ms.
2024-01-18 02:26:45.783 [INF] HTTP POST /api/AdminPanel/Report responded 200 in 15920.3537 ms
2024-01-18 02:31:46.650 [WRN] Failed to determine the https port for redirect.
2024-01-18 02:31:46.883 [INF] [Request] Http POST - /api/AdminPanel/Report
2024-01-18 03:50:56.135 [WRN] Failed to determine the https port for redirect.
2024-01-18 03:50:56.352 [INF] [Request] Http POST - /api/AdminPanel/Report
2024-01-18 03:50:56.856 [ERR] UnexpectedError
System.Data.SqlClient.SqlException (0x80131904): Must declare the scalar variable "@PNumber".
   at System.Data.SqlClient.SqlConnection.OnError(SqlException exception, Boolean breakConnection, Action`1 wrapCloseInAction)
   at System.Data.SqlClient.SqlInternalConnection.OnError(SqlException exception, Boolean breakConnection, Action`1 wrapCloseInAction)
   at System.Data.SqlClient.TdsParser.ThrowExceptionAndWarning(TdsParserStateObject stateObj, Boolean callerHasConnectionLock, Boolean asyncClose)
   at System.Data.SqlClient.TdsParser.TryRun(RunBehavior runBehavior, SqlCommand cmdHandler, SqlDataReader dataStream, BulkCopySimpleResultSet bulkCopyHandler, TdsParserStateObject stateObj, Boolean& dataReady)
   at System.Data.SqlClient.SqlDataReader.TryConsumeMetaData()
   at System.Data.SqlClient.SqlDataReader.get_MetaData()
   at System.Data.SqlClient.SqlCommand.FinishExecuteReader(SqlDataReader ds, RunBehavior runBehavior, String resetOptionsString)
   at System.Data.SqlClient.SqlCommand.RunExecuteReaderTds(CommandBehavior cmdBehavior, RunBehavior runBehavior, Boolean returnStream, Boolean async, Int32 timeout, Task& task, Boolean asyncWrite, SqlDataReader ds)
   at System.Data.SqlClient.SqlCommand.RunExecuteReader(CommandBehavior cmdBehavior, RunBehavior runBehavior, Boolean returnStream, TaskCompletionSource`1 completion, Int32 timeout, Task& task, Boolean asyncWrite, String method)
   at System.Data.SqlClient.SqlCommand.RunExecuteReader(CommandBehavior cmdBehavior, RunBehavior runBehavior, Boolean returnStream, String method)
   at System.Data.SqlClient.SqlCommand.ExecuteReader(CommandBehavior behavior)
   at System.Data.SqlClient.SqlCommand.ExecuteDbDataReader(CommandBehavior behavior)
   at Dapper.SqlMapper.ExecuteReaderWithFlagsFallback(IDbCommand cmd, Boolean wasClosed, CommandBehavior behavior) in /_/Dapper/SqlMapper.cs:line 1156
   at Dapper.SqlMapper.QueryImpl[T](IDbConnection cnn, CommandDefinition command, Type effectiveType)+MoveNext() in /_/Dapper/SqlMapper.cs:line 1184
   at System.Collections.Generic.List`1..ctor(IEnumerable`1 collection)
   at System.Linq.Enumerable.ToList[TSource](IEnumerable`1 source)
   at Dapper.SqlMapper.Query[T](IDbConnection cnn, String sql, Object param, IDbTransaction transaction, Boolean buffered, Nullable`1 commandTimeout, Nullable`1 commandType) in /_/Dapper/SqlMapper.cs:line 815
   at MOS.Business.Query.ReportQueryHandler.Handle(GetReportQuery request, CancellationToken cancellationToken) in c:\Users\Ali\Desktop\Final-Case-Taslak\MOS.Api\MOS.Business\Query\ReportQueryHandler.cs:line 73
   at MOS.Api.Controllers.AdminPanelController.GetReprot(ReportRequest request) in c:\Users\Ali\Desktop\Final-Case-Taslak\MOS.Api\MOS.Api\Controllers\AdminPanelController.cs:line 130
   at lambda_method5(Closure, Object)
   at Microsoft.AspNetCore.Mvc.Infrastructure.ActionMethodExecutor.AwaitableObjectResultExecutor.Execute(ActionContext actionContext, IActionResultTypeMapper mapper, ObjectMethodExecutor executor, Object controller, Object[] arguments)
   at Microsoft.AspNetCore.Mvc.Infrastructure.ControllerActionInvoker.<InvokeActionMethodAsync>g__Awaited|12_0(ControllerActionInvoker invoker, ValueTask`1 actionResultValueTask)
   at Microsoft.AspNetCore.Mvc.Infrastructure.ControllerActionInvoker.<InvokeNextActionFilterAsync>g__Awaited|10_0(ControllerActionInvoker invoker, Task lastTask, State next, Scope scope, Object state, Boolean isCompleted)
   at Microsoft.AspNetCore.Mvc.Infrastructure.ControllerActionInvoker.Rethrow(ActionExecutedContextSealed context)
   at Microsoft.AspNetCore.Mvc.Infrastructure.ControllerActionInvoker.Next(State& next, Scope& scope, Object& state, Boolean& isCompleted)
   at Microsoft.AspNetCore.Mvc.Infrastructure.ControllerActionInvoker.InvokeInnerFilterAsync()
--- End of stack trace from previous location ---
   at Microsoft.AspNetCore.Mvc.Infrastructure.ResourceInvoker.<InvokeFilterPipelineAsync>g__Awaited|20_0(ResourceInvoker invoker, Task lastTask, State next, Scope scope, Object state, Boolean isCompleted)
   at Microsoft.AspNetCore.Mvc.Infrastructure.ResourceInvoker.<InvokeAsync>g__Awaited|17_0(ResourceInvoker invoker, Task task, IDisposable scope)
   at Microsoft.AspNetCore.Mvc.Infrastructure.ResourceInvoker.<InvokeAsync>g__Awaited|17_0(ResourceInvoker invoker, Task task, IDisposable scope)
   at MOS.Middleware.CustomExceptionMiddleware.Invoke(HttpContext context) in c:\Users\Ali\Desktop\Final-Case-Taslak\MOS.Api\MOS.Api\Middleware\CustomExceptionMiddleware.cs:line 22
ClientConnectionId:a7376750-94b2-418c-ab9e-998fb2c54197
Error Number:137,State:2,Class:15
2024-01-18 03:50:56.976 [FTL] Path=/api/AdminPanel/Report || Method=POST || Exception=Must declare the scalar variable "@PNumber".Miliseconds=490,1521 ms
2024-01-18 03:50:57.144 [ERR] HTTP POST /api/AdminPanel/Report responded 500 in 1009.6396 ms
2024-01-18 03:51:25.979 [WRN] Failed to determine the https port for redirect.
2024-01-18 03:51:26.182 [INF] [Request] Http POST - /api/AdminPanel/Report
2024-01-18 03:52:00.646 [ERR] UnexpectedError
System.Data.SqlClient.SqlException (0x80131904): Must declare the scalar variable "@PNumber".
   at System.Data.SqlClient.SqlConnection.OnError(SqlException exception, Boolean breakConnection, Action`1 wrapCloseInAction)
   at System.Data.SqlClient.SqlInternalConnection.OnError(SqlException exception, Boolean breakConnection, Action`1 wrapCloseInAction)
   at System.Data.SqlClient.TdsParser.ThrowExceptionAndWarning(TdsParserStateObject stateObj, Boolean callerHasConnectionLock, Boolean asyncClose)
   at System.Data.SqlClient.TdsParser.TryRun(RunBehavior runBehavior, SqlCommand cmdHandler, SqlDataReader dataStream, BulkCopySimpleResultSet bulkCopyHandler, TdsParserStateObject stateObj, Boolean& dataReady)
   at System.Data.SqlClient.SqlDataReader.TryConsumeMetaData()
   at System.Data.SqlClient.SqlDataReader.get_MetaData()
   at System.Data.SqlClient.SqlCommand.FinishExecuteReader(SqlDataReader ds, RunBehavior runBehavior, String resetOptionsString)
   at System.Data.SqlClient.SqlCommand.RunExecuteReaderTds(CommandBehavior cmdBehavior, RunBehavior runBehavior, Boolean returnStream, Boolean async, Int32 timeout, Task& task, Boolean asyncWrite, SqlDataReader ds)
   at System.Data.SqlClient.SqlCommand.RunExecuteReader(CommandBehavior cmdBehavior, RunBehavior runBehavior, Boolean returnStream, TaskCompletionSource`1 completion, Int32 timeout, Task& task, Boolean asyncWrite, String method)
   at System.Data.SqlClient.SqlCommand.RunExecuteReader(CommandBehavior cmdBehavior, RunBehavior runBehavior, Boolean returnStream, String method)
   at System.Data.SqlClient.SqlCommand.ExecuteReader(CommandBehavior behavior)
   at System.Data.SqlClient.SqlCommand.ExecuteDbDataReader(CommandBehavior behavior)
   at Dapper.SqlMapper.ExecuteReaderWithFlagsFallback(IDbCommand cmd, Boolean wasClosed, CommandBehavior behavior) in /_/Dapper/SqlMapper.cs:line 1156
   at Dapper.SqlMapper.QueryImpl[T](IDbConnection cnn, CommandDefinition command, Type effectiveType)+MoveNext() in /_/Dapper/SqlMapper.cs:line 1184
   at System.Collections.Generic.List`1..ctor(IEnumerable`1 collection)
   at System.Linq.Enumerable.ToList[TSource](IEnumerable`1 source)
   at Dapper.SqlMapper.Query[T](IDbConnection cnn, String sql, Object param, IDbTransaction transaction, Boolean buffered, Nullable`1 commandTimeout, Nullable`1 commandType) in /_/Dapper/SqlMapper.cs:line 815
   at MOS.Business.Query.ReportQueryHandler.Handle(GetReportQuery request, CancellationToken cancellationToken) in c:\Users\Ali\Desktop\Final-Case-Taslak\MOS.Api\MOS.Business\Query\ReportQueryHandler.cs:line 73
   at MOS.Api.Controllers.AdminPanelController.GetReprot(ReportRequest request) in c:\Users\Ali\Desktop\Final-Case-Taslak\MOS.Api\MOS.Api\Controllers\AdminPanelController.cs:line 130
   at lambda_method5(Closure, Object)
   at Microsoft.AspNetCore.Mvc.Infrastructure.ActionMethodExecutor.AwaitableObjectResultExecutor.Execute(ActionContext actionContext, IActionResultTypeMapper mapper, ObjectMethodExecutor executor, Object controller, Object[] arguments)
   at Microsoft.AspNetCore.Mvc.Infrastructure.ControllerActionInvoker.<InvokeActionMethodAsync>g__Awaited|12_0(ControllerActionInvoker invoker, ValueTask`1 actionResultValueTask)
   at Microsoft.AspNetCore.Mvc.Infrastructure.ControllerActionInvoker.<InvokeNextActionFilterAsync>g__Awaited|10_0(ControllerActionInvoker invoker, Task lastTask, State next, Scope scope, Object state, Boolean isCompleted)
   at Microsoft.AspNetCore.Mvc.Infrastructure.ControllerActionInvoker.Rethrow(ActionExecutedContextSealed context)
   at Microsoft.AspNetCore.Mvc.Infrastructure.ControllerActionInvoker.Next(State& next, Scope& scope, Object& state, Boolean& isCompleted)
   at Microsoft.AspNetCore.Mvc.Infrastructure.ControllerActionInvoker.InvokeInnerFilterAsync()
--- End of stack trace from previous location ---
   at Microsoft.AspNetCore.Mvc.Infrastructure.ResourceInvoker.<InvokeFilterPipelineAsync>g__Awaited|20_0(ResourceInvoker invoker, Task lastTask, State next, Scope scope, Object state, Boolean isCompleted)
   at Microsoft.AspNetCore.Mvc.Infrastructure.ResourceInvoker.<InvokeAsync>g__Awaited|17_0(ResourceInvoker invoker, Task task, IDisposable scope)
   at Microsoft.AspNetCore.Mvc.Infrastructure.ResourceInvoker.<InvokeAsync>g__Awaited|17_0(ResourceInvoker invoker, Task task, IDisposable scope)
   at MOS.Middleware.CustomExceptionMiddleware.Invoke(HttpContext context) in c:\Users\Ali\Desktop\Final-Case-Taslak\MOS.Api\MOS.Api\Middleware\CustomExceptionMiddleware.cs:line 22
ClientConnectionId:c4f31e5c-9f99-4cc6-aaa9-41c31ec39848
Error Number:137,State:2,Class:15
2024-01-18 03:52:00.677 [FTL] Path=/api/AdminPanel/Report || Method=POST || Exception=Must declare the scalar variable "@PNumber".Miliseconds=34457,9583 ms
2024-01-18 03:52:00.764 [ERR] HTTP POST /api/AdminPanel/Report responded 500 in 34782.1248 ms
2024-01-18 03:52:03.823 [INF] [Request] Http POST - /api/AdminPanel/Report
2024-01-18 03:53:04.972 [ERR] UnexpectedError
System.Data.SqlClient.SqlException (0x80131904): Must declare the scalar variable "@PNumber".
   at System.Data.SqlClient.SqlConnection.OnError(SqlException exception, Boolean breakConnection, Action`1 wrapCloseInAction)
   at System.Data.SqlClient.SqlInternalConnection.OnError(SqlException exception, Boolean breakConnection, Action`1 wrapCloseInAction)
   at System.Data.SqlClient.TdsParser.ThrowExceptionAndWarning(TdsParserStateObject stateObj, Boolean callerHasConnectionLock, Boolean asyncClose)
   at System.Data.SqlClient.TdsParser.TryRun(RunBehavior runBehavior, SqlCommand cmdHandler, SqlDataReader dataStream, BulkCopySimpleResultSet bulkCopyHandler, TdsParserStateObject stateObj, Boolean& dataReady)
   at System.Data.SqlClient.SqlDataReader.TryConsumeMetaData()
   at System.Data.SqlClient.SqlDataReader.get_MetaData()
   at System.Data.SqlClient.SqlCommand.FinishExecuteReader(SqlDataReader ds, RunBehavior runBehavior, String resetOptionsString)
   at System.Data.SqlClient.SqlCommand.RunExecuteReaderTds(CommandBehavior cmdBehavior, RunBehavior runBehavior, Boolean returnStream, Boolean async, Int32 timeout, Task& task, Boolean asyncWrite, SqlDataReader ds)
   at System.Data.SqlClient.SqlCommand.RunExecuteReader(CommandBehavior cmdBehavior, RunBehavior runBehavior, Boolean returnStream, TaskCompletionSource`1 completion, Int32 timeout, Task& task, Boolean asyncWrite, String method)
   at System.Data.SqlClient.SqlCommand.RunExecuteReader(CommandBehavior cmdBehavior, RunBehavior runBehavior, Boolean returnStream, String method)
   at System.Data.SqlClient.SqlCommand.ExecuteReader(CommandBehavior behavior)
   at System.Data.SqlClient.SqlCommand.ExecuteDbDataReader(CommandBehavior behavior)
   at Dapper.SqlMapper.ExecuteReaderWithFlagsFallback(IDbCommand cmd, Boolean wasClosed, CommandBehavior behavior) in /_/Dapper/SqlMapper.cs:line 1156
   at Dapper.SqlMapper.QueryImpl[T](IDbConnection cnn, CommandDefinition command, Type effectiveType)+MoveNext() in /_/Dapper/SqlMapper.cs:line 1184
   at System.Collections.Generic.List`1..ctor(IEnumerable`1 collection)
   at System.Linq.Enumerable.ToList[TSource](IEnumerable`1 source)
   at Dapper.SqlMapper.Query[T](IDbConnection cnn, String sql, Object param, IDbTransaction transaction, Boolean buffered, Nullable`1 commandTimeout, Nullable`1 commandType) in /_/Dapper/SqlMapper.cs:line 815
   at MOS.Business.Query.ReportQueryHandler.Handle(GetReportQuery request, CancellationToken cancellationToken) in c:\Users\Ali\Desktop\Final-Case-Taslak\MOS.Api\MOS.Business\Query\ReportQueryHandler.cs:line 73
   at MOS.Api.Controllers.AdminPanelController.GetReprot(ReportRequest request) in c:\Users\Ali\Desktop\Final-Case-Taslak\MOS.Api\MOS.Api\Controllers\AdminPanelController.cs:line 130
   at lambda_method5(Closure, Object)
   at Microsoft.AspNetCore.Mvc.Infrastructure.ActionMethodExecutor.AwaitableObjectResultExecutor.Execute(ActionContext actionContext, IActionResultTypeMapper mapper, ObjectMethodExecutor executor, Object controller, Object[] arguments)
   at Microsoft.AspNetCore.Mvc.Infrastructure.ControllerActionInvoker.<InvokeActionMethodAsync>g__Awaited|12_0(ControllerActionInvoker invoker, ValueTask`1 actionResultValueTask)
   at Microsoft.AspNetCore.Mvc.Infrastructure.ControllerActionInvoker.<InvokeNextActionFilterAsync>g__Awaited|10_0(ControllerActionInvoker invoker, Task lastTask, State next, Scope scope, Object state, Boolean isCompleted)
   at Microsoft.AspNetCore.Mvc.Infrastructure.ControllerActionInvoker.Rethrow(ActionExecutedContextSealed context)
   at Microsoft.AspNetCore.Mvc.Infrastructure.ControllerActionInvoker.Next(State& next, Scope& scope, Object& state, Boolean& isCompleted)
   at Microsoft.AspNetCore.Mvc.Infrastructure.ControllerActionInvoker.InvokeInnerFilterAsync()
--- End of stack trace from previous location ---
   at Microsoft.AspNetCore.Mvc.Infrastructure.ResourceInvoker.<InvokeFilterPipelineAsync>g__Awaited|20_0(ResourceInvoker invoker, Task lastTask, State next, Scope scope, Object state, Boolean isCompleted)
   at Microsoft.AspNetCore.Mvc.Infrastructure.ResourceInvoker.<InvokeAsync>g__Awaited|17_0(ResourceInvoker invoker, Task task, IDisposable scope)
   at Microsoft.AspNetCore.Mvc.Infrastructure.ResourceInvoker.<InvokeAsync>g__Awaited|17_0(ResourceInvoker invoker, Task task, IDisposable scope)
   at MOS.Middleware.CustomExceptionMiddleware.Invoke(HttpContext context) in c:\Users\Ali\Desktop\Final-Case-Taslak\MOS.Api\MOS.Api\Middleware\CustomExceptionMiddleware.cs:line 22
ClientConnectionId:c4f31e5c-9f99-4cc6-aaa9-41c31ec39848
Error Number:137,State:2,Class:15
2024-01-18 03:53:04.977 [FTL] Path=/api/AdminPanel/Report || Method=POST || Exception=Must declare the scalar variable "@PNumber".Miliseconds=61149,4288 ms
2024-01-18 03:53:04.978 [ERR] HTTP POST /api/AdminPanel/Report responded 500 in 61176.5486 ms
2024-01-18 03:55:17.809 [WRN] Failed to determine the https port for redirect.
2024-01-18 03:55:18.037 [INF] [Request] Http POST - /api/AdminPanel/Report
2024-01-18 03:55:33.785 [ERR] UnexpectedError
System.NullReferenceException: Object reference not set to an instance of an object.
   at MOS.Business.Query.ReportQueryHandler.Handle(GetReportQuery request, CancellationToken cancellationToken) in c:\Users\Ali\Desktop\Final-Case-Taslak\MOS.Api\MOS.Business\Query\ReportQueryHandler.cs:line 168
   at MOS.Api.Controllers.AdminPanelController.GetReprot(ReportRequest request) in c:\Users\Ali\Desktop\Final-Case-Taslak\MOS.Api\MOS.Api\Controllers\AdminPanelController.cs:line 130
   at lambda_method5(Closure, Object)
   at Microsoft.AspNetCore.Mvc.Infrastructure.ActionMethodExecutor.AwaitableObjectResultExecutor.Execute(ActionContext actionContext, IActionResultTypeMapper mapper, ObjectMethodExecutor executor, Object controller, Object[] arguments)
   at Microsoft.AspNetCore.Mvc.Infrastructure.ControllerActionInvoker.<InvokeActionMethodAsync>g__Awaited|12_0(ControllerActionInvoker invoker, ValueTask`1 actionResultValueTask)
   at Microsoft.AspNetCore.Mvc.Infrastructure.ControllerActionInvoker.<InvokeNextActionFilterAsync>g__Awaited|10_0(ControllerActionInvoker invoker, Task lastTask, State next, Scope scope, Object state, Boolean isCompleted)
   at Microsoft.AspNetCore.Mvc.Infrastructure.ControllerActionInvoker.Rethrow(ActionExecutedContextSealed context)
   at Microsoft.AspNetCore.Mvc.Infrastructure.ControllerActionInvoker.Next(State& next, Scope& scope, Object& state, Boolean& isCompleted)
   at Microsoft.AspNetCore.Mvc.Infrastructure.ControllerActionInvoker.InvokeInnerFilterAsync()
--- End of stack trace from previous location ---
   at Microsoft.AspNetCore.Mvc.Infrastructure.ResourceInvoker.<InvokeFilterPipelineAsync>g__Awaited|20_0(ResourceInvoker invoker, Task lastTask, State next, Scope scope, Object state, Boolean isCompleted)
   at Microsoft.AspNetCore.Mvc.Infrastructure.ResourceInvoker.<InvokeAsync>g__Awaited|17_0(ResourceInvoker invoker, Task task, IDisposable scope)
   at Microsoft.AspNetCore.Mvc.Infrastructure.ResourceInvoker.<InvokeAsync>g__Awaited|17_0(ResourceInvoker invoker, Task task, IDisposable scope)
   at MOS.Middleware.CustomExceptionMiddleware.Invoke(HttpContext context) in c:\Users\Ali\Desktop\Final-Case-Taslak\MOS.Api\MOS.Api\Middleware\CustomExceptionMiddleware.cs:line 22
2024-01-18 03:55:33.804 [FTL] Path=/api/AdminPanel/Report || Method=POST || Exception=Object reference not set to an instance of an object.Miliseconds=15741,0482 ms
2024-01-18 03:55:33.889 [ERR] HTTP POST /api/AdminPanel/Report responded 500 in 16082.6238 ms
2024-01-18 03:57:11.684 [WRN] Failed to determine the https port for redirect.
2024-01-18 03:57:11.907 [INF] [Request] Http POST - /api/AdminPanel/Report
2024-01-18 03:58:41.286 [ERR] UnexpectedError
System.NullReferenceException: Object reference not set to an instance of an object.
   at MOS.Business.Query.ReportQueryHandler.Handle(GetReportQuery request, CancellationToken cancellationToken) in c:\Users\Ali\Desktop\Final-Case-Taslak\MOS.Api\MOS.Business\Query\ReportQueryHandler.cs:line 168
   at MOS.Api.Controllers.AdminPanelController.GetReprot(ReportRequest request) in c:\Users\Ali\Desktop\Final-Case-Taslak\MOS.Api\MOS.Api\Controllers\AdminPanelController.cs:line 130
   at lambda_method5(Closure, Object)
   at Microsoft.AspNetCore.Mvc.Infrastructure.ActionMethodExecutor.AwaitableObjectResultExecutor.Execute(ActionContext actionContext, IActionResultTypeMapper mapper, ObjectMethodExecutor executor, Object controller, Object[] arguments)
   at Microsoft.AspNetCore.Mvc.Infrastructure.ControllerActionInvoker.<InvokeActionMethodAsync>g__Awaited|12_0(ControllerActionInvoker invoker, ValueTask`1 actionResultValueTask)
   at Microsoft.AspNetCore.Mvc.Infrastructure.ControllerActionInvoker.<InvokeNextActionFilterAsync>g__Awaited|10_0(ControllerActionInvoker invoker, Task lastTask, State next, Scope scope, Object state, Boolean isCompleted)
   at Microsoft.AspNetCore.Mvc.Infrastructure.ControllerActionInvoker.Rethrow(ActionExecutedContextSealed context)
   at Microsoft.AspNetCore.Mvc.Infrastructure.ControllerActionInvoker.Next(State& next, Scope& scope, Object& state, Boolean& isCompleted)
   at Microsoft.AspNetCore.Mvc.Infrastructure.ControllerActionInvoker.InvokeInnerFilterAsync()
--- End of stack trace from previous location ---
   at Microsoft.AspNetCore.Mvc.Infrastructure.ResourceInvoker.<InvokeFilterPipelineAsync>g__Awaited|20_0(ResourceInvoker invoker, Task lastTask, State next, Scope scope, Object state, Boolean isCompleted)
   at Microsoft.AspNetCore.Mvc.Infrastructure.ResourceInvoker.<InvokeAsync>g__Awaited|17_0(ResourceInvoker invoker, Task task, IDisposable scope)
   at Microsoft.AspNetCore.Mvc.Infrastructure.ResourceInvoker.<InvokeAsync>g__Awaited|17_0(ResourceInvoker invoker, Task task, IDisposable scope)
   at MOS.Middleware.CustomExceptionMiddleware.Invoke(HttpContext context) in c:\Users\Ali\Desktop\Final-Case-Taslak\MOS.Api\MOS.Api\Middleware\CustomExceptionMiddleware.cs:line 22
2024-01-18 03:58:41.319 [FTL] Path=/api/AdminPanel/Report || Method=POST || Exception=Object reference not set to an instance of an object.Miliseconds=89366,3752 ms
2024-01-18 03:58:41.451 [ERR] HTTP POST /api/AdminPanel/Report responded 500 in 89759.9497 ms
2024-01-18 03:59:50.634 [WRN] Failed to determine the https port for redirect.
2024-01-18 03:59:50.903 [INF] [Request] Http POST - /api/AdminPanel/Report
2024-01-18 04:00:28.785 [ERR] UnexpectedError
System.NullReferenceException: Object reference not set to an instance of an object.
   at MOS.Business.Query.ReportQueryHandler.Handle(GetReportQuery request, CancellationToken cancellationToken) in c:\Users\Ali\Desktop\Final-Case-Taslak\MOS.Api\MOS.Business\Query\ReportQueryHandler.cs:line 168
   at MOS.Api.Controllers.AdminPanelController.GetReprot(ReportRequest request) in c:\Users\Ali\Desktop\Final-Case-Taslak\MOS.Api\MOS.Api\Controllers\AdminPanelController.cs:line 130
   at lambda_method5(Closure, Object)
   at Microsoft.AspNetCore.Mvc.Infrastructure.ActionMethodExecutor.AwaitableObjectResultExecutor.Execute(ActionContext actionContext, IActionResultTypeMapper mapper, ObjectMethodExecutor executor, Object controller, Object[] arguments)
   at Microsoft.AspNetCore.Mvc.Infrastructure.ControllerActionInvoker.<InvokeActionMethodAsync>g__Awaited|12_0(ControllerActionInvoker invoker, ValueTask`1 actionResultValueTask)
   at Microsoft.AspNetCore.Mvc.Infrastructure.ControllerActionInvoker.<InvokeNextActionFilterAsync>g__Awaited|10_0(ControllerActionInvoker invoker, Task lastTask, State next, Scope scope, Object state, Boolean isCompleted)
   at Microsoft.AspNetCore.Mvc.Infrastructure.ControllerActionInvoker.Rethrow(ActionExecutedContextSealed context)
   at Microsoft.AspNetCore.Mvc.Infrastructure.ControllerActionInvoker.Next(State& next, Scope& scope, Object& state, Boolean& isCompleted)
   at Microsoft.AspNetCore.Mvc.Infrastructure.ControllerActionInvoker.InvokeInnerFilterAsync()
--- End of stack trace from previous location ---
   at Microsoft.AspNetCore.Mvc.Infrastructure.ResourceInvoker.<InvokeFilterPipelineAsync>g__Awaited|20_0(ResourceInvoker invoker, Task lastTask, State next, Scope scope, Object state, Boolean isCompleted)
   at Microsoft.AspNetCore.Mvc.Infrastructure.ResourceInvoker.<InvokeAsync>g__Awaited|17_0(ResourceInvoker invoker, Task task, IDisposable scope)
   at Microsoft.AspNetCore.Mvc.Infrastructure.ResourceInvoker.<InvokeAsync>g__Awaited|17_0(ResourceInvoker invoker, Task task, IDisposable scope)
   at MOS.Middleware.CustomExceptionMiddleware.Invoke(HttpContext context) in c:\Users\Ali\Desktop\Final-Case-Taslak\MOS.Api\MOS.Api\Middleware\CustomExceptionMiddleware.cs:line 22
2024-01-18 04:00:28.805 [FTL] Path=/api/AdminPanel/Report || Method=POST || Exception=Object reference not set to an instance of an object.Miliseconds=37873,9125 ms
2024-01-18 04:00:28.904 [ERR] HTTP POST /api/AdminPanel/Report responded 500 in 38263.3606 ms
2024-01-18 04:11:16.255 [WRN] Failed to determine the https port for redirect.
2024-01-18 04:11:16.498 [INF] [Request] Http POST - /api/AdminPanel/Report
2024-01-18 04:11:41.824 [INF] [Response] Http POST - /api/AdminPanel/Report - Responded 200 in 25325,0593 ms.
2024-01-18 04:11:41.826 [INF] HTTP POST /api/AdminPanel/Report responded 200 in 25573.9405 ms
2024-01-18 04:29:38.056 [WRN] Failed to determine the https port for redirect.
2024-01-18 04:29:38.205 [INF] [Request] Http POST - /api/AdminPanel/Report
2024-01-18 04:29:38.537 [ERR] UnexpectedError
System.Data.SqlClient.SqlException (0x80131904): Incorrect syntax near ')'.
   at System.Data.SqlClient.SqlConnection.OnError(SqlException exception, Boolean breakConnection, Action`1 wrapCloseInAction)
   at System.Data.SqlClient.SqlInternalConnection.OnError(SqlException exception, Boolean breakConnection, Action`1 wrapCloseInAction)
   at System.Data.SqlClient.TdsParser.ThrowExceptionAndWarning(TdsParserStateObject stateObj, Boolean callerHasConnectionLock, Boolean asyncClose)
   at System.Data.SqlClient.TdsParser.TryRun(RunBehavior runBehavior, SqlCommand cmdHandler, SqlDataReader dataStream, BulkCopySimpleResultSet bulkCopyHandler, TdsParserStateObject stateObj, Boolean& dataReady)
   at System.Data.SqlClient.SqlDataReader.TryConsumeMetaData()
   at System.Data.SqlClient.SqlDataReader.get_MetaData()
   at System.Data.SqlClient.SqlCommand.FinishExecuteReader(SqlDataReader ds, RunBehavior runBehavior, String resetOptionsString)
   at System.Data.SqlClient.SqlCommand.RunExecuteReaderTds(CommandBehavior cmdBehavior, RunBehavior runBehavior, Boolean returnStream, Boolean async, Int32 timeout, Task& task, Boolean asyncWrite, SqlDataReader ds)
   at System.Data.SqlClient.SqlCommand.RunExecuteReader(CommandBehavior cmdBehavior, RunBehavior runBehavior, Boolean returnStream, TaskCompletionSource`1 completion, Int32 timeout, Task& task, Boolean asyncWrite, String method)
   at System.Data.SqlClient.SqlCommand.RunExecuteReader(CommandBehavior cmdBehavior, RunBehavior runBehavior, Boolean returnStream, String method)
   at System.Data.SqlClient.SqlCommand.ExecuteReader(CommandBehavior behavior)
   at System.Data.SqlClient.SqlCommand.ExecuteDbDataReader(CommandBehavior behavior)
   at Dapper.SqlMapper.ExecuteReaderWithFlagsFallback(IDbCommand cmd, Boolean wasClosed, CommandBehavior behavior) in /_/Dapper/SqlMapper.cs:line 1156
   at Dapper.SqlMapper.QueryImpl[T](IDbConnection cnn, CommandDefinition command, Type effectiveType)+MoveNext() in /_/Dapper/SqlMapper.cs:line 1184
   at System.Collections.Generic.List`1..ctor(IEnumerable`1 collection)
   at System.Linq.Enumerable.ToList[TSource](IEnumerable`1 source)
   at Dapper.SqlMapper.Query[T](IDbConnection cnn, String sql, Object param, IDbTransaction transaction, Boolean buffered, Nullable`1 commandTimeout, Nullable`1 commandType) in /_/Dapper/SqlMapper.cs:line 815
   at MOS.Business.Query.ReportQueryHandler.Handle(GetReportQuery request, CancellationToken cancellationToken) in c:\Users\Ali\Desktop\Final-Case-Taslak\MOS.Api\MOS.Business\Query\ReportQueryHandler.cs:line 162
   at MOS.Api.Controllers.AdminPanelController.GetReprot(ReportRequest request) in c:\Users\Ali\Desktop\Final-Case-Taslak\MOS.Api\MOS.Api\Controllers\AdminPanelController.cs:line 130
   at lambda_method5(Closure, Object)
   at Microsoft.AspNetCore.Mvc.Infrastructure.ActionMethodExecutor.AwaitableObjectResultExecutor.Execute(ActionContext actionContext, IActionResultTypeMapper mapper, ObjectMethodExecutor executor, Object controller, Object[] arguments)
   at Microsoft.AspNetCore.Mvc.Infrastructure.ControllerActionInvoker.<InvokeActionMethodAsync>g__Awaited|12_0(ControllerActionInvoker invoker, ValueTask`1 actionResultValueTask)
   at Microsoft.AspNetCore.Mvc.Infrastructure.ControllerActionInvoker.<InvokeNextActionFilterAsync>g__Awaited|10_0(ControllerActionInvoker invoker, Task lastTask, State next, Scope scope, Object state, Boolean isCompleted)
   at Microsoft.AspNetCore.Mvc.Infrastructure.ControllerActionInvoker.Rethrow(ActionExecutedContextSealed context)
   at Microsoft.AspNetCore.Mvc.Infrastructure.ControllerActionInvoker.Next(State& next, Scope& scope, Object& state, Boolean& isCompleted)
   at Microsoft.AspNetCore.Mvc.Infrastructure.ControllerActionInvoker.InvokeInnerFilterAsync()
--- End of stack trace from previous location ---
   at Microsoft.AspNetCore.Mvc.Infrastructure.ResourceInvoker.<InvokeFilterPipelineAsync>g__Awaited|20_0(ResourceInvoker invoker, Task lastTask, State next, Scope scope, Object state, Boolean isCompleted)
   at Microsoft.AspNetCore.Mvc.Infrastructure.ResourceInvoker.<InvokeAsync>g__Awaited|17_0(ResourceInvoker invoker, Task task, IDisposable scope)
   at Microsoft.AspNetCore.Mvc.Infrastructure.ResourceInvoker.<InvokeAsync>g__Awaited|17_0(ResourceInvoker invoker, Task task, IDisposable scope)
   at MOS.Middleware.CustomExceptionMiddleware.Invoke(HttpContext context) in c:\Users\Ali\Desktop\Final-Case-Taslak\MOS.Api\MOS.Api\Middleware\CustomExceptionMiddleware.cs:line 22
ClientConnectionId:8aef4e38-f630-4a9b-95e5-5103d3e12ae0
Error Number:102,State:1,Class:15
2024-01-18 04:29:38.560 [FTL] Path=/api/AdminPanel/Report || Method=POST || Exception=Incorrect syntax near ')'.Miliseconds=330,4962 ms
2024-01-18 04:29:38.625 [ERR] HTTP POST /api/AdminPanel/Report responded 500 in 571.9128 ms
2024-01-18 04:30:25.330 [WRN] Failed to determine the https port for redirect.
2024-01-18 04:30:25.486 [INF] [Request] Http POST - /api/AdminPanel/Report
2024-01-18 04:30:25.900 [INF] [Response] Http POST - /api/AdminPanel/Report - Responded 200 in 413,7364 ms.
2024-01-18 04:30:25.903 [INF] HTTP POST /api/AdminPanel/Report responded 200 in 576.6619 ms
2024-01-18 04:33:03.018 [WRN] Failed to determine the https port for redirect.
2024-01-18 04:33:03.154 [INF] [Request] Http POST - /api/AdminPanel/Report
2024-01-18 04:33:03.557 [INF] [Response] Http POST - /api/AdminPanel/Report - Responded 200 in 402,3807 ms.
2024-01-18 04:33:03.561 [INF] HTTP POST /api/AdminPanel/Report responded 200 in 544.4130 ms
2024-01-18 04:41:24.100 [WRN] Failed to determine the https port for redirect.
2024-01-18 04:41:24.247 [INF] [Request] Http GET - /api/RabbitMQConsumer/SendToRabbitMQ
2024-01-18 04:41:24.376 [ERR] UnexpectedError
System.ArgumentNullException: Value cannot be null. (Parameter 'uriString')
   at System.ArgumentNullException.Throw(String paramName)
   at System.ArgumentNullException.ThrowIfNull(Object argument, String paramName)
   at System.Uri..ctor(String uriString)
   at MOS.Api.Service.RabbitMQService..ctor(IConfiguration configuration) in c:\Users\Ali\Desktop\Final-Case-Taslak\MOS.Api\MOS.Api\Service\RabbitMQService.cs:line 23
   at System.RuntimeMethodHandle.InvokeMethod(Object target, Void** arguments, Signature sig, Boolean isConstructor)
   at System.Reflection.MethodBaseInvoker.InvokeDirectByRefWithFewArgs(Object obj, Span`1 copyOfArgs, BindingFlags invokeAttr)
   at System.Reflection.MethodBaseInvoker.InvokeWithOneArg(Object obj, BindingFlags invokeAttr, Binder binder, Object[] parameters, CultureInfo culture)
   at System.Reflection.RuntimeConstructorInfo.Invoke(BindingFlags invokeAttr, Binder binder, Object[] parameters, CultureInfo culture)
   at Microsoft.Extensions.DependencyInjection.ServiceLookup.CallSiteRuntimeResolver.VisitConstructor(ConstructorCallSite constructorCallSite, RuntimeResolverContext context)
   at Microsoft.Extensions.DependencyInjection.ServiceLookup.CallSiteVisitor`2.VisitCallSiteMain(ServiceCallSite callSite, TArgument argument)
   at Microsoft.Extensions.DependencyInjection.ServiceLookup.CallSiteRuntimeResolver.VisitRootCache(ServiceCallSite callSite, RuntimeResolverContext context)
   at Microsoft.Extensions.DependencyInjection.ServiceLookup.CallSiteVisitor`2.VisitCallSite(ServiceCallSite callSite, TArgument argument)
   at Microsoft.Extensions.DependencyInjection.ServiceLookup.CallSiteRuntimeResolver.Resolve(ServiceCallSite callSite, ServiceProviderEngineScope scope)
   at Microsoft.Extensions.DependencyInjection.ServiceProvider.CreateServiceAccessor(ServiceIdentifier serviceIdentifier)
   at System.Collections.Concurrent.ConcurrentDictionary`2.GetOrAdd(TKey key, Func`2 valueFactory)
   at Microsoft.Extensions.DependencyInjection.ServiceProvider.GetService(ServiceIdentifier serviceIdentifier, ServiceProviderEngineScope serviceProviderEngineScope)
   at Microsoft.Extensions.DependencyInjection.ServiceLookup.ServiceProviderEngineScope.GetService(Type serviceType)
   at lambda_method3(Closure, IServiceProvider, Object[])
   at Microsoft.AspNetCore.Mvc.Controllers.ControllerFactoryProvider.<>c__DisplayClass6_0.<CreateControllerFactory>g__CreateController|0(ControllerContext controllerContext)
   at Microsoft.AspNetCore.Mvc.Infrastructure.ControllerActionInvoker.Next(State& next, Scope& scope, Object& state, Boolean& isCompleted)
   at Microsoft.AspNetCore.Mvc.Infrastructure.ControllerActionInvoker.InvokeInnerFilterAsync()
--- End of stack trace from previous location ---
   at Microsoft.AspNetCore.Mvc.Infrastructure.ResourceInvoker.<InvokeFilterPipelineAsync>g__Awaited|20_0(ResourceInvoker invoker, Task lastTask, State next, Scope scope, Object state, Boolean isCompleted)
   at Microsoft.AspNetCore.Mvc.Infrastructure.ResourceInvoker.<InvokeAsync>g__Awaited|17_0(ResourceInvoker invoker, Task task, IDisposable scope)
   at Microsoft.AspNetCore.Mvc.Infrastructure.ResourceInvoker.<InvokeAsync>g__Awaited|17_0(ResourceInvoker invoker, Task task, IDisposable scope)
   at MOS.Middleware.CustomExceptionMiddleware.Invoke(HttpContext context) in c:\Users\Ali\Desktop\Final-Case-Taslak\MOS.Api\MOS.Api\Middleware\CustomExceptionMiddleware.cs:line 22
2024-01-18 04:41:24.400 [FTL] Path=/api/RabbitMQConsumer/SendToRabbitMQ || Method=GET || Exception=Value cannot be null. (Parameter 'uriString')Miliseconds=128,1615 ms
2024-01-18 04:41:24.463 [ERR] HTTP GET /api/RabbitMQConsumer/SendToRabbitMQ responded 500 in 365.0230 ms
2024-01-18 04:41:47.579 [INF] [Request] Http GET - /api/RabbitMQConsumer/SendToRabbitMQ
2024-01-18 04:41:47.581 [ERR] UnexpectedError
System.ArgumentNullException: Value cannot be null. (Parameter 'uriString')
   at System.ArgumentNullException.Throw(String paramName)
   at System.ArgumentNullException.ThrowIfNull(Object argument, String paramName)
   at System.Uri..ctor(String uriString)
   at MOS.Api.Service.RabbitMQService..ctor(IConfiguration configuration) in c:\Users\Ali\Desktop\Final-Case-Taslak\MOS.Api\MOS.Api\Service\RabbitMQService.cs:line 23
   at InvokeStub_RabbitMQService..ctor(Object, Span`1)
   at System.Reflection.MethodBaseInvoker.InvokeWithOneArg(Object obj, BindingFlags invokeAttr, Binder binder, Object[] parameters, CultureInfo culture)
   at System.Reflection.RuntimeConstructorInfo.Invoke(BindingFlags invokeAttr, Binder binder, Object[] parameters, CultureInfo culture)
   at Microsoft.Extensions.DependencyInjection.ServiceLookup.CallSiteRuntimeResolver.VisitConstructor(ConstructorCallSite constructorCallSite, RuntimeResolverContext context)
   at Microsoft.Extensions.DependencyInjection.ServiceLookup.CallSiteRuntimeResolver.VisitRootCache(ServiceCallSite callSite, RuntimeResolverContext context)
   at Microsoft.Extensions.DependencyInjection.ServiceLookup.CallSiteVisitor`2.VisitCallSite(ServiceCallSite callSite, TArgument argument)
   at Microsoft.Extensions.DependencyInjection.ServiceLookup.CallSiteRuntimeResolver.Resolve(ServiceCallSite callSite, ServiceProviderEngineScope scope)
   at Microsoft.Extensions.DependencyInjection.ServiceProvider.CreateServiceAccessor(ServiceIdentifier serviceIdentifier)
   at System.Collections.Concurrent.ConcurrentDictionary`2.GetOrAdd(TKey key, Func`2 valueFactory)
   at Microsoft.Extensions.DependencyInjection.ServiceProvider.GetService(ServiceIdentifier serviceIdentifier, ServiceProviderEngineScope serviceProviderEngineScope)
   at Microsoft.Extensions.DependencyInjection.ServiceLookup.ServiceProviderEngineScope.GetService(Type serviceType)
   at lambda_method3(Closure, IServiceProvider, Object[])
   at Microsoft.AspNetCore.Mvc.Controllers.ControllerFactoryProvider.<>c__DisplayClass6_0.<CreateControllerFactory>g__CreateController|0(ControllerContext controllerContext)
   at Microsoft.AspNetCore.Mvc.Infrastructure.ControllerActionInvoker.Next(State& next, Scope& scope, Object& state, Boolean& isCompleted)
   at Microsoft.AspNetCore.Mvc.Infrastructure.ControllerActionInvoker.InvokeInnerFilterAsync()
--- End of stack trace from previous location ---
   at Microsoft.AspNetCore.Mvc.Infrastructure.ResourceInvoker.<InvokeFilterPipelineAsync>g__Awaited|20_0(ResourceInvoker invoker, Task lastTask, State next, Scope scope, Object state, Boolean isCompleted)
   at Microsoft.AspNetCore.Mvc.Infrastructure.ResourceInvoker.<InvokeAsync>g__Awaited|17_0(ResourceInvoker invoker, Task task, IDisposable scope)
   at Microsoft.AspNetCore.Mvc.Infrastructure.ResourceInvoker.<InvokeAsync>g__Awaited|17_0(ResourceInvoker invoker, Task task, IDisposable scope)
   at MOS.Middleware.CustomExceptionMiddleware.Invoke(HttpContext context) in c:\Users\Ali\Desktop\Final-Case-Taslak\MOS.Api\MOS.Api\Middleware\CustomExceptionMiddleware.cs:line 22
2024-01-18 04:41:47.590 [FTL] Path=/api/RabbitMQConsumer/SendToRabbitMQ || Method=GET || Exception=Value cannot be null. (Parameter 'uriString')Miliseconds=2,1906 ms
2024-01-18 04:41:47.593 [ERR] HTTP GET /api/RabbitMQConsumer/SendToRabbitMQ responded 500 in 16.8970 ms
2024-01-18 04:44:17.281 [WRN] Failed to determine the https port for redirect.
2024-01-18 04:44:17.488 [INF] [Request] Http GET - /api/RabbitMQConsumer/SendToRabbitMQ
2024-01-18 04:44:52.049 [ERR] UnexpectedError
System.ArgumentNullException: Value cannot be null. (Parameter 'uriString')
   at System.ArgumentNullException.Throw(String paramName)
   at System.ArgumentNullException.ThrowIfNull(Object argument, String paramName)
   at System.Uri..ctor(String uriString)
   at MOS.Api.Service.RabbitMQService..ctor(IConfiguration configuration) in c:\Users\Ali\Desktop\Final-Case-Taslak\MOS.Api\MOS.Api\Service\RabbitMQService.cs:line 23
   at System.RuntimeMethodHandle.InvokeMethod(Object target, Void** arguments, Signature sig, Boolean isConstructor)
   at System.Reflection.MethodBaseInvoker.InvokeDirectByRefWithFewArgs(Object obj, Span`1 copyOfArgs, BindingFlags invokeAttr)
   at System.Reflection.MethodBaseInvoker.InvokeWithOneArg(Object obj, BindingFlags invokeAttr, Binder binder, Object[] parameters, CultureInfo culture)
   at System.Reflection.RuntimeConstructorInfo.Invoke(BindingFlags invokeAttr, Binder binder, Object[] parameters, CultureInfo culture)
   at Microsoft.Extensions.DependencyInjection.ServiceLookup.CallSiteRuntimeResolver.VisitConstructor(ConstructorCallSite constructorCallSite, RuntimeResolverContext context)
   at Microsoft.Extensions.DependencyInjection.ServiceLookup.CallSiteVisitor`2.VisitCallSiteMain(ServiceCallSite callSite, TArgument argument)
   at Microsoft.Extensions.DependencyInjection.ServiceLookup.CallSiteRuntimeResolver.VisitRootCache(ServiceCallSite callSite, RuntimeResolverContext context)
   at Microsoft.Extensions.DependencyInjection.ServiceLookup.CallSiteVisitor`2.VisitCallSite(ServiceCallSite callSite, TArgument argument)
   at Microsoft.Extensions.DependencyInjection.ServiceLookup.CallSiteRuntimeResolver.Resolve(ServiceCallSite callSite, ServiceProviderEngineScope scope)
   at Microsoft.Extensions.DependencyInjection.ServiceProvider.CreateServiceAccessor(ServiceIdentifier serviceIdentifier)
   at System.Collections.Concurrent.ConcurrentDictionary`2.GetOrAdd(TKey key, Func`2 valueFactory)
   at Microsoft.Extensions.DependencyInjection.ServiceProvider.GetService(ServiceIdentifier serviceIdentifier, ServiceProviderEngineScope serviceProviderEngineScope)
   at Microsoft.Extensions.DependencyInjection.ServiceLookup.ServiceProviderEngineScope.GetService(Type serviceType)
   at lambda_method3(Closure, IServiceProvider, Object[])
   at Microsoft.AspNetCore.Mvc.Controllers.ControllerFactoryProvider.<>c__DisplayClass6_0.<CreateControllerFactory>g__CreateController|0(ControllerContext controllerContext)
   at Microsoft.AspNetCore.Mvc.Infrastructure.ControllerActionInvoker.Next(State& next, Scope& scope, Object& state, Boolean& isCompleted)
   at Microsoft.AspNetCore.Mvc.Infrastructure.ControllerActionInvoker.InvokeInnerFilterAsync()
--- End of stack trace from previous location ---
   at Microsoft.AspNetCore.Mvc.Infrastructure.ResourceInvoker.<InvokeFilterPipelineAsync>g__Awaited|20_0(ResourceInvoker invoker, Task lastTask, State next, Scope scope, Object state, Boolean isCompleted)
   at Microsoft.AspNetCore.Mvc.Infrastructure.ResourceInvoker.<InvokeAsync>g__Awaited|17_0(ResourceInvoker invoker, Task task, IDisposable scope)
   at Microsoft.AspNetCore.Mvc.Infrastructure.ResourceInvoker.<InvokeAsync>g__Awaited|17_0(ResourceInvoker invoker, Task task, IDisposable scope)
   at MOS.Middleware.CustomExceptionMiddleware.Invoke(HttpContext context) in c:\Users\Ali\Desktop\Final-Case-Taslak\MOS.Api\MOS.Api\Middleware\CustomExceptionMiddleware.cs:line 22
2024-01-18 04:44:52.071 [FTL] Path=/api/RabbitMQConsumer/SendToRabbitMQ || Method=GET || Exception=Value cannot be null. (Parameter 'uriString')Miliseconds=34552,6971 ms
2024-01-18 04:44:52.233 [ERR] HTTP GET /api/RabbitMQConsumer/SendToRabbitMQ responded 500 in 34942.4421 ms
2024-01-18 04:45:07.921 [INF] [Request] Http GET - /api/RabbitMQConsumer/GetFromRabbitMQ
2024-01-18 04:45:17.642 [ERR] UnexpectedError
System.ArgumentNullException: Value cannot be null. (Parameter 'uriString')
   at System.ArgumentNullException.Throw(String paramName)
   at System.ArgumentNullException.ThrowIfNull(Object argument, String paramName)
   at System.Uri..ctor(String uriString)
   at MOS.Api.Service.RabbitMQService..ctor(IConfiguration configuration) in c:\Users\Ali\Desktop\Final-Case-Taslak\MOS.Api\MOS.Api\Service\RabbitMQService.cs:line 23
   at InvokeStub_RabbitMQService..ctor(Object, Span`1)
   at System.Reflection.MethodBaseInvoker.InvokeWithOneArg(Object obj, BindingFlags invokeAttr, Binder binder, Object[] parameters, CultureInfo culture)
   at System.Reflection.RuntimeConstructorInfo.Invoke(BindingFlags invokeAttr, Binder binder, Object[] parameters, CultureInfo culture)
   at Microsoft.Extensions.DependencyInjection.ServiceLookup.CallSiteRuntimeResolver.VisitConstructor(ConstructorCallSite constructorCallSite, RuntimeResolverContext context)
   at Microsoft.Extensions.DependencyInjection.ServiceLookup.CallSiteRuntimeResolver.VisitRootCache(ServiceCallSite callSite, RuntimeResolverContext context)
   at Microsoft.Extensions.DependencyInjection.ServiceLookup.CallSiteVisitor`2.VisitCallSite(ServiceCallSite callSite, TArgument argument)
   at Microsoft.Extensions.DependencyInjection.ServiceLookup.CallSiteRuntimeResolver.Resolve(ServiceCallSite callSite, ServiceProviderEngineScope scope)
   at Microsoft.Extensions.DependencyInjection.ServiceProvider.CreateServiceAccessor(ServiceIdentifier serviceIdentifier)
   at System.Collections.Concurrent.ConcurrentDictionary`2.GetOrAdd(TKey key, Func`2 valueFactory)
   at Microsoft.Extensions.DependencyInjection.ServiceProvider.GetService(ServiceIdentifier serviceIdentifier, ServiceProviderEngineScope serviceProviderEngineScope)
   at Microsoft.Extensions.DependencyInjection.ServiceLookup.ServiceProviderEngineScope.GetService(Type serviceType)
   at lambda_method6(Closure, IServiceProvider, Object[])
   at Microsoft.AspNetCore.Mvc.Controllers.ControllerFactoryProvider.<>c__DisplayClass6_0.<CreateControllerFactory>g__CreateController|0(ControllerContext controllerContext)
   at Microsoft.AspNetCore.Mvc.Infrastructure.ControllerActionInvoker.Next(State& next, Scope& scope, Object& state, Boolean& isCompleted)
   at Microsoft.AspNetCore.Mvc.Infrastructure.ControllerActionInvoker.InvokeInnerFilterAsync()
--- End of stack trace from previous location ---
   at Microsoft.AspNetCore.Mvc.Infrastructure.ResourceInvoker.<InvokeFilterPipelineAsync>g__Awaited|20_0(ResourceInvoker invoker, Task lastTask, State next, Scope scope, Object state, Boolean isCompleted)
   at Microsoft.AspNetCore.Mvc.Infrastructure.ResourceInvoker.<InvokeAsync>g__Awaited|17_0(ResourceInvoker invoker, Task task, IDisposable scope)
   at Microsoft.AspNetCore.Mvc.Infrastructure.ResourceInvoker.<InvokeAsync>g__Awaited|17_0(ResourceInvoker invoker, Task task, IDisposable scope)
   at MOS.Middleware.CustomExceptionMiddleware.Invoke(HttpContext context) in c:\Users\Ali\Desktop\Final-Case-Taslak\MOS.Api\MOS.Api\Middleware\CustomExceptionMiddleware.cs:line 22
2024-01-18 04:45:17.643 [FTL] Path=/api/RabbitMQConsumer/GetFromRabbitMQ || Method=GET || Exception=Value cannot be null. (Parameter 'uriString')Miliseconds=9720,2519 ms
2024-01-18 04:45:17.644 [ERR] HTTP GET /api/RabbitMQConsumer/GetFromRabbitMQ responded 500 in 9743.7777 ms
2024-01-18 04:45:54.176 [INF] [Request] Http GET - /api/RabbitMQConsumer/GetFromRabbitMQ
2024-01-18 04:46:07.850 [ERR] UnexpectedError
System.ArgumentNullException: Value cannot be null. (Parameter 'uriString')
   at System.ArgumentNullException.Throw(String paramName)
   at System.ArgumentNullException.ThrowIfNull(Object argument, String paramName)
   at System.Uri..ctor(String uriString)
   at MOS.Api.Service.RabbitMQService..ctor(IConfiguration configuration) in c:\Users\Ali\Desktop\Final-Case-Taslak\MOS.Api\MOS.Api\Service\RabbitMQService.cs:line 23
   at InvokeStub_RabbitMQService..ctor(Object, Span`1)
   at System.Reflection.MethodBaseInvoker.InvokeWithOneArg(Object obj, BindingFlags invokeAttr, Binder binder, Object[] parameters, CultureInfo culture)
   at System.Reflection.RuntimeConstructorInfo.Invoke(BindingFlags invokeAttr, Binder binder, Object[] parameters, CultureInfo culture)
   at Microsoft.Extensions.DependencyInjection.ServiceLookup.CallSiteRuntimeResolver.VisitConstructor(ConstructorCallSite constructorCallSite, RuntimeResolverContext context)
   at Microsoft.Extensions.DependencyInjection.ServiceLookup.CallSiteRuntimeResolver.VisitRootCache(ServiceCallSite callSite, RuntimeResolverContext context)
   at Microsoft.Extensions.DependencyInjection.ServiceLookup.CallSiteVisitor`2.VisitCallSite(ServiceCallSite callSite, TArgument argument)
   at Microsoft.Extensions.DependencyInjection.ServiceLookup.CallSiteRuntimeResolver.Resolve(ServiceCallSite callSite, ServiceProviderEngineScope scope)
   at Microsoft.Extensions.DependencyInjection.ServiceProvider.CreateServiceAccessor(ServiceIdentifier serviceIdentifier)
   at System.Collections.Concurrent.ConcurrentDictionary`2.GetOrAdd(TKey key, Func`2 valueFactory)
   at Microsoft.Extensions.DependencyInjection.ServiceProvider.GetService(ServiceIdentifier serviceIdentifier, ServiceProviderEngineScope serviceProviderEngineScope)
   at Microsoft.Extensions.DependencyInjection.ServiceLookup.ServiceProviderEngineScope.GetService(Type serviceType)
   at lambda_method6(Closure, IServiceProvider, Object[])
   at Microsoft.AspNetCore.Mvc.Controllers.ControllerFactoryProvider.<>c__DisplayClass6_0.<CreateControllerFactory>g__CreateController|0(ControllerContext controllerContext)
   at Microsoft.AspNetCore.Mvc.Infrastructure.ControllerActionInvoker.Next(State& next, Scope& scope, Object& state, Boolean& isCompleted)
   at Microsoft.AspNetCore.Mvc.Infrastructure.ControllerActionInvoker.InvokeInnerFilterAsync()
--- End of stack trace from previous location ---
   at Microsoft.AspNetCore.Mvc.Infrastructure.ResourceInvoker.<InvokeFilterPipelineAsync>g__Awaited|20_0(ResourceInvoker invoker, Task lastTask, State next, Scope scope, Object state, Boolean isCompleted)
   at Microsoft.AspNetCore.Mvc.Infrastructure.ResourceInvoker.<InvokeAsync>g__Awaited|17_0(ResourceInvoker invoker, Task task, IDisposable scope)
   at Microsoft.AspNetCore.Mvc.Infrastructure.ResourceInvoker.<InvokeAsync>g__Awaited|17_0(ResourceInvoker invoker, Task task, IDisposable scope)
   at MOS.Middleware.CustomExceptionMiddleware.Invoke(HttpContext context) in c:\Users\Ali\Desktop\Final-Case-Taslak\MOS.Api\MOS.Api\Middleware\CustomExceptionMiddleware.cs:line 22
2024-01-18 04:46:07.852 [FTL] Path=/api/RabbitMQConsumer/GetFromRabbitMQ || Method=GET || Exception=Value cannot be null. (Parameter 'uriString')Miliseconds=13674,7138 ms
2024-01-18 04:46:07.852 [ERR] HTTP GET /api/RabbitMQConsumer/GetFromRabbitMQ responded 500 in 13679.0145 ms
2024-01-18 04:46:09.308 [INF] [Request] Http GET - /api/RabbitMQConsumer/GetFromRabbitMQ
2024-01-18 04:46:25.000 [WRN] Failed to determine the https port for redirect.
2024-01-18 04:46:25.302 [INF] [Request] Http GET - /api/RabbitMQConsumer/GetFromRabbitMQ
2024-01-18 04:47:29.657 [WRN] Failed to determine the https port for redirect.
2024-01-18 04:47:29.928 [INF] [Request] Http GET - /api/RabbitMQConsumer/GetFromRabbitMQ
2024-01-18 04:49:36.538 [WRN] Failed to determine the https port for redirect.
2024-01-18 04:49:36.699 [INF] [Request] Http GET - /api/RabbitMQConsumer/GetFromRabbitMQ
2024-01-18 04:49:41.358 [INF] [Response] Http GET - /api/RabbitMQConsumer/GetFromRabbitMQ - Responded 200 in 4657,7286 ms.
2024-01-18 04:49:41.360 [INF] HTTP GET /api/RabbitMQConsumer/GetFromRabbitMQ responded 200 in 4824.1355 ms
2024-01-18 04:49:45.541 [INF] [Request] Http GET - /api/RabbitMQConsumer/GetFromRabbitMQ
2024-01-18 04:49:49.735 [INF] [Response] Http GET - /api/RabbitMQConsumer/GetFromRabbitMQ - Responded 200 in 4194,4083 ms.
2024-01-18 04:49:49.736 [INF] HTTP GET /api/RabbitMQConsumer/GetFromRabbitMQ responded 200 in 4198.2551 ms
2024-01-18 04:49:59.594 [INF] [Request] Http GET - /api/RabbitMQConsumer/SendToRabbitMQ
2024-01-18 04:50:00.002 [INF] [Response] Http GET - /api/RabbitMQConsumer/SendToRabbitMQ - Responded 200 in 407,9646 ms.
2024-01-18 04:50:00.003 [INF] HTTP GET /api/RabbitMQConsumer/SendToRabbitMQ responded 200 in 411.4523 ms
2024-01-18 04:50:11.610 [INF] [Request] Http GET - /api/RabbitMQConsumer/GetFromRabbitMQ
2024-01-18 04:50:15.114 [INF] [Response] Http GET - /api/RabbitMQConsumer/GetFromRabbitMQ - Responded 200 in 3504,3214 ms.
2024-01-18 04:50:15.115 [INF] HTTP GET /api/RabbitMQConsumer/GetFromRabbitMQ responded 200 in 3505.9666 ms
2024-01-18 04:50:18.927 [INF] [Request] Http GET - /api/RabbitMQConsumer/GetFromRabbitMQ
2024-01-18 04:50:22.318 [INF] [Response] Http GET - /api/RabbitMQConsumer/GetFromRabbitMQ - Responded 200 in 3391,0147 ms.
2024-01-18 04:50:22.319 [INF] HTTP GET /api/RabbitMQConsumer/GetFromRabbitMQ responded 200 in 3392.4817 ms
2024-01-18 04:50:26.144 [INF] [Request] Http GET - /api/RabbitMQConsumer/GetFromRabbitMQ
2024-01-18 04:50:30.750 [INF] [Response] Http GET - /api/RabbitMQConsumer/GetFromRabbitMQ - Responded 200 in 4606,218 ms.
2024-01-18 04:50:30.751 [INF] HTTP GET /api/RabbitMQConsumer/GetFromRabbitMQ responded 200 in 4607.7955 ms
2024-01-18 04:52:40.958 [WRN] Failed to determine the https port for redirect.
2024-01-18 04:52:41.281 [INF] [Request] Http GET - /api/RabbitMQConsumer/SendToRabbitMQ
2024-01-18 04:52:45.084 [INF] [Response] Http GET - /api/RabbitMQConsumer/SendToRabbitMQ - Responded 200 in 3801,38 ms.
2024-01-18 04:52:45.086 [INF] HTTP GET /api/RabbitMQConsumer/SendToRabbitMQ responded 200 in 4137.3376 ms
2024-01-18 04:53:18.064 [INF] [Request] Http GET - /api/RabbitMQConsumer/SendToRabbitMQ
2024-01-18 04:53:25.590 [INF] [Response] Http GET - /api/RabbitMQConsumer/SendToRabbitMQ - Responded 200 in 7525,9201 ms.
2024-01-18 04:53:25.590 [INF] HTTP GET /api/RabbitMQConsumer/SendToRabbitMQ responded 200 in 7541.5160 ms
2024-01-18 04:53:28.407 [INF] [Request] Http GET - /api/RabbitMQConsumer/SendToRabbitMQ
2024-01-18 04:54:01.566 [INF] [Response] Http GET - /api/RabbitMQConsumer/SendToRabbitMQ - Responded 200 in 33159,2261 ms.
2024-01-18 04:54:01.568 [INF] HTTP GET /api/RabbitMQConsumer/SendToRabbitMQ responded 200 in 33163.4665 ms
2024-01-18 14:10:30.231 [WRN] Failed to determine the https port for redirect.
2024-01-18 14:10:30.320 [INF] [Request] Http POST - /api/Token/TakeToken
2024-01-18 14:10:31.716 [INF] [Response] Http POST - /api/Token/TakeToken - Responded 200 in 1394,1375 ms.
2024-01-18 14:10:31.718 [INF] HTTP POST /api/Token/TakeToken responded 200 in 1489.2275 ms
2024-01-18 14:11:31.280 [INF] [Request] Http POST - /api/Token/TakeToken
2024-01-18 14:11:31.341 [INF] [Response] Http POST - /api/Token/TakeToken - Responded 200 in 61,1764 ms.
2024-01-18 14:11:31.342 [INF] HTTP POST /api/Token/TakeToken responded 200 in 63.1539 ms
2024-01-18 14:12:29.541 [INF] [Request] Http POST - /api/AdminPanel/Report
2024-01-18 14:12:29.955 [INF] [Response] Http POST - /api/AdminPanel/Report - Responded 200 in 414,0227 ms.
2024-01-18 14:12:29.955 [INF] HTTP POST /api/AdminPanel/Report responded 200 in 446.0941 ms
2024-01-18 14:14:58.472 [INF] [Request] Http POST - /api/AdminPanel/Report
2024-01-18 14:14:58.491 [ERR] UnexpectedError
System.NullReferenceException: Object reference not set to an instance of an object.
   at MOS.Business.Query.ReportQueryHandler.Handle(GetReportQuery request, CancellationToken cancellationToken) in C:\Users\Ali\Desktop\Final-Case-Taslak\MOS.Api\MOS.Business\Query\ReportQueryHandler.cs:line 43
   at MOS.Api.Controllers.AdminPanelController.GetReprot(ReportRequest request) in C:\Users\Ali\Desktop\Final-Case-Taslak\MOS.Api\MOS.Api\Controllers\AdminPanelController.cs:line 130
   at lambda_method130(Closure, Object)
   at Microsoft.AspNetCore.Mvc.Infrastructure.ActionMethodExecutor.AwaitableObjectResultExecutor.Execute(ActionContext actionContext, IActionResultTypeMapper mapper, ObjectMethodExecutor executor, Object controller, Object[] arguments)
   at Microsoft.AspNetCore.Mvc.Infrastructure.ControllerActionInvoker.<InvokeActionMethodAsync>g__Awaited|12_0(ControllerActionInvoker invoker, ValueTask`1 actionResultValueTask)
   at Microsoft.AspNetCore.Mvc.Infrastructure.ControllerActionInvoker.<InvokeNextActionFilterAsync>g__Awaited|10_0(ControllerActionInvoker invoker, Task lastTask, State next, Scope scope, Object state, Boolean isCompleted)
   at Microsoft.AspNetCore.Mvc.Infrastructure.ControllerActionInvoker.Rethrow(ActionExecutedContextSealed context)
   at Microsoft.AspNetCore.Mvc.Infrastructure.ControllerActionInvoker.Next(State& next, Scope& scope, Object& state, Boolean& isCompleted)
   at Microsoft.AspNetCore.Mvc.Infrastructure.ControllerActionInvoker.InvokeInnerFilterAsync()
--- End of stack trace from previous location ---
   at Microsoft.AspNetCore.Mvc.Infrastructure.ResourceInvoker.<InvokeFilterPipelineAsync>g__Awaited|20_0(ResourceInvoker invoker, Task lastTask, State next, Scope scope, Object state, Boolean isCompleted)
   at Microsoft.AspNetCore.Mvc.Infrastructure.ResourceInvoker.<InvokeAsync>g__Awaited|17_0(ResourceInvoker invoker, Task task, IDisposable scope)
   at Microsoft.AspNetCore.Mvc.Infrastructure.ResourceInvoker.<InvokeAsync>g__Awaited|17_0(ResourceInvoker invoker, Task task, IDisposable scope)
   at MOS.Middleware.CustomExceptionMiddleware.Invoke(HttpContext context) in C:\Users\Ali\Desktop\Final-Case-Taslak\MOS.Api\MOS.Api\Middleware\CustomExceptionMiddleware.cs:line 22
2024-01-18 14:14:58.511 [FTL] Path=/api/AdminPanel/Report || Method=POST || Exception=Object reference not set to an instance of an object.Miliseconds=10,6674 ms
2024-01-18 14:14:58.556 [ERR] HTTP POST /api/AdminPanel/Report responded 500 in 87.3503 ms
2024-01-18 14:15:09.654 [INF] [Request] Http POST - /api/AdminPanel/Report
2024-01-18 14:15:09.657 [ERR] UnexpectedError
System.NullReferenceException: Object reference not set to an instance of an object.
   at MOS.Business.Query.ReportQueryHandler.Handle(GetReportQuery request, CancellationToken cancellationToken) in C:\Users\Ali\Desktop\Final-Case-Taslak\MOS.Api\MOS.Business\Query\ReportQueryHandler.cs:line 43
   at MOS.Api.Controllers.AdminPanelController.GetReprot(ReportRequest request) in C:\Users\Ali\Desktop\Final-Case-Taslak\MOS.Api\MOS.Api\Controllers\AdminPanelController.cs:line 130
   at lambda_method130(Closure, Object)
   at Microsoft.AspNetCore.Mvc.Infrastructure.ActionMethodExecutor.AwaitableObjectResultExecutor.Execute(ActionContext actionContext, IActionResultTypeMapper mapper, ObjectMethodExecutor executor, Object controller, Object[] arguments)
   at Microsoft.AspNetCore.Mvc.Infrastructure.ControllerActionInvoker.<InvokeActionMethodAsync>g__Awaited|12_0(ControllerActionInvoker invoker, ValueTask`1 actionResultValueTask)
   at Microsoft.AspNetCore.Mvc.Infrastructure.ControllerActionInvoker.<InvokeNextActionFilterAsync>g__Awaited|10_0(ControllerActionInvoker invoker, Task lastTask, State next, Scope scope, Object state, Boolean isCompleted)
   at Microsoft.AspNetCore.Mvc.Infrastructure.ControllerActionInvoker.Rethrow(ActionExecutedContextSealed context)
   at Microsoft.AspNetCore.Mvc.Infrastructure.ControllerActionInvoker.Next(State& next, Scope& scope, Object& state, Boolean& isCompleted)
   at Microsoft.AspNetCore.Mvc.Infrastructure.ControllerActionInvoker.InvokeInnerFilterAsync()
--- End of stack trace from previous location ---
   at Microsoft.AspNetCore.Mvc.Infrastructure.ResourceInvoker.<InvokeFilterPipelineAsync>g__Awaited|20_0(ResourceInvoker invoker, Task lastTask, State next, Scope scope, Object state, Boolean isCompleted)
   at Microsoft.AspNetCore.Mvc.Infrastructure.ResourceInvoker.<InvokeAsync>g__Awaited|17_0(ResourceInvoker invoker, Task task, IDisposable scope)
   at Microsoft.AspNetCore.Mvc.Infrastructure.ResourceInvoker.<InvokeAsync>g__Awaited|17_0(ResourceInvoker invoker, Task task, IDisposable scope)
   at MOS.Middleware.CustomExceptionMiddleware.Invoke(HttpContext context) in C:\Users\Ali\Desktop\Final-Case-Taslak\MOS.Api\MOS.Api\Middleware\CustomExceptionMiddleware.cs:line 22
2024-01-18 14:15:09.658 [FTL] Path=/api/AdminPanel/Report || Method=POST || Exception=Object reference not set to an instance of an object.Miliseconds=2,7092 ms
2024-01-18 14:15:09.658 [ERR] HTTP POST /api/AdminPanel/Report responded 500 in 5.4955 ms
2024-01-18 14:15:26.150 [INF] [Request] Http POST - /api/AdminPanel/Report
2024-01-18 14:15:26.151 [ERR] UnexpectedError
System.NullReferenceException: Object reference not set to an instance of an object.
   at MOS.Business.Query.ReportQueryHandler.Handle(GetReportQuery request, CancellationToken cancellationToken) in C:\Users\Ali\Desktop\Final-Case-Taslak\MOS.Api\MOS.Business\Query\ReportQueryHandler.cs:line 43
   at MOS.Api.Controllers.AdminPanelController.GetReprot(ReportRequest request) in C:\Users\Ali\Desktop\Final-Case-Taslak\MOS.Api\MOS.Api\Controllers\AdminPanelController.cs:line 130
   at lambda_method130(Closure, Object)
   at Microsoft.AspNetCore.Mvc.Infrastructure.ActionMethodExecutor.AwaitableObjectResultExecutor.Execute(ActionContext actionContext, IActionResultTypeMapper mapper, ObjectMethodExecutor executor, Object controller, Object[] arguments)
   at Microsoft.AspNetCore.Mvc.Infrastructure.ControllerActionInvoker.<InvokeActionMethodAsync>g__Awaited|12_0(ControllerActionInvoker invoker, ValueTask`1 actionResultValueTask)
   at Microsoft.AspNetCore.Mvc.Infrastructure.ControllerActionInvoker.<InvokeNextActionFilterAsync>g__Awaited|10_0(ControllerActionInvoker invoker, Task lastTask, State next, Scope scope, Object state, Boolean isCompleted)
   at Microsoft.AspNetCore.Mvc.Infrastructure.ControllerActionInvoker.Rethrow(ActionExecutedContextSealed context)
   at Microsoft.AspNetCore.Mvc.Infrastructure.ControllerActionInvoker.Next(State& next, Scope& scope, Object& state, Boolean& isCompleted)
   at Microsoft.AspNetCore.Mvc.Infrastructure.ControllerActionInvoker.InvokeInnerFilterAsync()
--- End of stack trace from previous location ---
   at Microsoft.AspNetCore.Mvc.Infrastructure.ResourceInvoker.<InvokeFilterPipelineAsync>g__Awaited|20_0(ResourceInvoker invoker, Task lastTask, State next, Scope scope, Object state, Boolean isCompleted)
   at Microsoft.AspNetCore.Mvc.Infrastructure.ResourceInvoker.<InvokeAsync>g__Awaited|17_0(ResourceInvoker invoker, Task task, IDisposable scope)
   at Microsoft.AspNetCore.Mvc.Infrastructure.ResourceInvoker.<InvokeAsync>g__Awaited|17_0(ResourceInvoker invoker, Task task, IDisposable scope)
   at MOS.Middleware.CustomExceptionMiddleware.Invoke(HttpContext context) in C:\Users\Ali\Desktop\Final-Case-Taslak\MOS.Api\MOS.Api\Middleware\CustomExceptionMiddleware.cs:line 22
2024-01-18 14:15:26.152 [FTL] Path=/api/AdminPanel/Report || Method=POST || Exception=Object reference not set to an instance of an object.Miliseconds=1,3192 ms
2024-01-18 14:15:26.152 [ERR] HTTP POST /api/AdminPanel/Report responded 500 in 2.5571 ms
2024-01-18 14:16:06.105 [INF] [Request] Http POST - /api/AdminPanel/Report
2024-01-18 14:16:06.121 [INF] [Response] Http POST - /api/AdminPanel/Report - Responded 200 in 15,6963 ms.
2024-01-18 14:16:06.121 [INF] HTTP POST /api/AdminPanel/Report responded 200 in 16.3436 ms
2024-01-18 14:18:49.643 [WRN] Failed to determine the https port for redirect.
2024-01-18 14:18:49.811 [INF] HTTP POST /api/AdminPanel/Report responded 401 in 170.2717 ms
2024-01-18 14:19:11.906 [INF] [Request] Http POST - /api/Token/TakeToken
2024-01-18 14:19:13.239 [INF] [Response] Http POST - /api/Token/TakeToken - Responded 200 in 1332,4524 ms.
2024-01-18 14:19:13.240 [INF] HTTP POST /api/Token/TakeToken responded 200 in 1341.3984 ms
2024-01-18 14:19:36.442 [INF] [Request] Http POST - /api/Token/TakeToken
2024-01-18 14:19:36.535 [INF] [Response] Http POST - /api/Token/TakeToken - Responded 200 in 93,2086 ms.
2024-01-18 14:19:36.536 [INF] HTTP POST /api/Token/TakeToken responded 200 in 97.7340 ms
2024-01-18 14:19:48.872 [INF] [Request] Http POST - /api/AdminPanel/Report
2024-01-18 14:20:14.686 [ERR] UnexpectedError
System.NullReferenceException: Object reference not set to an instance of an object.
   at MOS.Business.Query.ReportQueryHandler.Handle(GetReportQuery request, CancellationToken cancellationToken) in c:\Users\Ali\Desktop\Final-Case-Taslak\MOS.Api\MOS.Business\Query\ReportQueryHandler.cs:line 43
   at MOS.Api.Controllers.AdminPanelController.GetReprot(ReportRequest request) in c:\Users\Ali\Desktop\Final-Case-Taslak\MOS.Api\MOS.Api\Controllers\AdminPanelController.cs:line 130
   at lambda_method86(Closure, Object)
   at Microsoft.AspNetCore.Mvc.Infrastructure.ActionMethodExecutor.AwaitableObjectResultExecutor.Execute(ActionContext actionContext, IActionResultTypeMapper mapper, ObjectMethodExecutor executor, Object controller, Object[] arguments)
   at Microsoft.AspNetCore.Mvc.Infrastructure.ControllerActionInvoker.<InvokeActionMethodAsync>g__Awaited|12_0(ControllerActionInvoker invoker, ValueTask`1 actionResultValueTask)
   at Microsoft.AspNetCore.Mvc.Infrastructure.ControllerActionInvoker.<InvokeNextActionFilterAsync>g__Awaited|10_0(ControllerActionInvoker invoker, Task lastTask, State next, Scope scope, Object state, Boolean isCompleted)
   at Microsoft.AspNetCore.Mvc.Infrastructure.ControllerActionInvoker.Rethrow(ActionExecutedContextSealed context)
   at Microsoft.AspNetCore.Mvc.Infrastructure.ControllerActionInvoker.Next(State& next, Scope& scope, Object& state, Boolean& isCompleted)
   at Microsoft.AspNetCore.Mvc.Infrastructure.ControllerActionInvoker.InvokeInnerFilterAsync()
--- End of stack trace from previous location ---
   at Microsoft.AspNetCore.Mvc.Infrastructure.ResourceInvoker.<InvokeFilterPipelineAsync>g__Awaited|20_0(ResourceInvoker invoker, Task lastTask, State next, Scope scope, Object state, Boolean isCompleted)
   at Microsoft.AspNetCore.Mvc.Infrastructure.ResourceInvoker.<InvokeAsync>g__Awaited|17_0(ResourceInvoker invoker, Task task, IDisposable scope)
   at Microsoft.AspNetCore.Mvc.Infrastructure.ResourceInvoker.<InvokeAsync>g__Awaited|17_0(ResourceInvoker invoker, Task task, IDisposable scope)
   at MOS.Middleware.CustomExceptionMiddleware.Invoke(HttpContext context) in c:\Users\Ali\Desktop\Final-Case-Taslak\MOS.Api\MOS.Api\Middleware\CustomExceptionMiddleware.cs:line 22
2024-01-18 14:20:14.693 [FTL] Path=/api/AdminPanel/Report || Method=POST || Exception=Object reference not set to an instance of an object.Miliseconds=25805,5991 ms
2024-01-18 14:20:14.759 [ERR] HTTP POST /api/AdminPanel/Report responded 500 in 25923.3748 ms
2024-01-18 14:21:02.061 [INF] [Request] Http POST - /api/AdminPanel/Report
2024-01-18 14:21:14.383 [ERR] UnexpectedError
System.NullReferenceException: Object reference not set to an instance of an object.
   at MOS.Business.Query.ReportQueryHandler.Handle(GetReportQuery request, CancellationToken cancellationToken) in c:\Users\Ali\Desktop\Final-Case-Taslak\MOS.Api\MOS.Business\Query\ReportQueryHandler.cs:line 43
   at MOS.Api.Controllers.AdminPanelController.GetReprot(ReportRequest request) in c:\Users\Ali\Desktop\Final-Case-Taslak\MOS.Api\MOS.Api\Controllers\AdminPanelController.cs:line 130
   at lambda_method86(Closure, Object)
   at Microsoft.AspNetCore.Mvc.Infrastructure.ActionMethodExecutor.AwaitableObjectResultExecutor.Execute(ActionContext actionContext, IActionResultTypeMapper mapper, ObjectMethodExecutor executor, Object controller, Object[] arguments)
   at Microsoft.AspNetCore.Mvc.Infrastructure.ControllerActionInvoker.<InvokeActionMethodAsync>g__Awaited|12_0(ControllerActionInvoker invoker, ValueTask`1 actionResultValueTask)
   at Microsoft.AspNetCore.Mvc.Infrastructure.ControllerActionInvoker.<InvokeNextActionFilterAsync>g__Awaited|10_0(ControllerActionInvoker invoker, Task lastTask, State next, Scope scope, Object state, Boolean isCompleted)
   at Microsoft.AspNetCore.Mvc.Infrastructure.ControllerActionInvoker.Rethrow(ActionExecutedContextSealed context)
   at Microsoft.AspNetCore.Mvc.Infrastructure.ControllerActionInvoker.Next(State& next, Scope& scope, Object& state, Boolean& isCompleted)
   at Microsoft.AspNetCore.Mvc.Infrastructure.ControllerActionInvoker.InvokeInnerFilterAsync()
--- End of stack trace from previous location ---
   at Microsoft.AspNetCore.Mvc.Infrastructure.ResourceInvoker.<InvokeFilterPipelineAsync>g__Awaited|20_0(ResourceInvoker invoker, Task lastTask, State next, Scope scope, Object state, Boolean isCompleted)
   at Microsoft.AspNetCore.Mvc.Infrastructure.ResourceInvoker.<InvokeAsync>g__Awaited|17_0(ResourceInvoker invoker, Task task, IDisposable scope)
   at Microsoft.AspNetCore.Mvc.Infrastructure.ResourceInvoker.<InvokeAsync>g__Awaited|17_0(ResourceInvoker invoker, Task task, IDisposable scope)
   at MOS.Middleware.CustomExceptionMiddleware.Invoke(HttpContext context) in c:\Users\Ali\Desktop\Final-Case-Taslak\MOS.Api\MOS.Api\Middleware\CustomExceptionMiddleware.cs:line 22
2024-01-18 14:21:14.385 [FTL] Path=/api/AdminPanel/Report || Method=POST || Exception=Object reference not set to an instance of an object.Miliseconds=12321,9172 ms
2024-01-18 14:21:14.385 [ERR] HTTP POST /api/AdminPanel/Report responded 500 in 12325.4622 ms
2024-01-18 14:21:27.631 [INF] [Request] Http POST - /api/AdminPanel/Report
2024-01-18 14:21:58.500 [ERR] UnexpectedError
System.NullReferenceException: Object reference not set to an instance of an object.
   at MOS.Business.Query.ReportQueryHandler.Handle(GetReportQuery request, CancellationToken cancellationToken) in c:\Users\Ali\Desktop\Final-Case-Taslak\MOS.Api\MOS.Business\Query\ReportQueryHandler.cs:line 43
   at MOS.Api.Controllers.AdminPanelController.GetReprot(ReportRequest request) in c:\Users\Ali\Desktop\Final-Case-Taslak\MOS.Api\MOS.Api\Controllers\AdminPanelController.cs:line 130
   at lambda_method86(Closure, Object)
   at Microsoft.AspNetCore.Mvc.Infrastructure.ActionMethodExecutor.AwaitableObjectResultExecutor.Execute(ActionContext actionContext, IActionResultTypeMapper mapper, ObjectMethodExecutor executor, Object controller, Object[] arguments)
   at Microsoft.AspNetCore.Mvc.Infrastructure.ControllerActionInvoker.<InvokeActionMethodAsync>g__Awaited|12_0(ControllerActionInvoker invoker, ValueTask`1 actionResultValueTask)
   at Microsoft.AspNetCore.Mvc.Infrastructure.ControllerActionInvoker.<InvokeNextActionFilterAsync>g__Awaited|10_0(ControllerActionInvoker invoker, Task lastTask, State next, Scope scope, Object state, Boolean isCompleted)
   at Microsoft.AspNetCore.Mvc.Infrastructure.ControllerActionInvoker.Rethrow(ActionExecutedContextSealed context)
   at Microsoft.AspNetCore.Mvc.Infrastructure.ControllerActionInvoker.Next(State& next, Scope& scope, Object& state, Boolean& isCompleted)
   at Microsoft.AspNetCore.Mvc.Infrastructure.ControllerActionInvoker.InvokeInnerFilterAsync()
--- End of stack trace from previous location ---
   at Microsoft.AspNetCore.Mvc.Infrastructure.ResourceInvoker.<InvokeFilterPipelineAsync>g__Awaited|20_0(ResourceInvoker invoker, Task lastTask, State next, Scope scope, Object state, Boolean isCompleted)
   at Microsoft.AspNetCore.Mvc.Infrastructure.ResourceInvoker.<InvokeAsync>g__Awaited|17_0(ResourceInvoker invoker, Task task, IDisposable scope)
   at Microsoft.AspNetCore.Mvc.Infrastructure.ResourceInvoker.<InvokeAsync>g__Awaited|17_0(ResourceInvoker invoker, Task task, IDisposable scope)
   at MOS.Middleware.CustomExceptionMiddleware.Invoke(HttpContext context) in c:\Users\Ali\Desktop\Final-Case-Taslak\MOS.Api\MOS.Api\Middleware\CustomExceptionMiddleware.cs:line 22
2024-01-18 14:21:58.501 [FTL] Path=/api/AdminPanel/Report || Method=POST || Exception=Object reference not set to an instance of an object.Miliseconds=30868,8988 ms
2024-01-18 14:21:58.502 [ERR] HTTP POST /api/AdminPanel/Report responded 500 in 30871.4615 ms
2024-01-18 14:22:36.783 [INF] [Request] Http POST - /api/AdminPanel/Report
2024-01-18 14:22:56.491 [ERR] UnexpectedError
System.NullReferenceException: Object reference not set to an instance of an object.
   at MOS.Business.Query.ReportQueryHandler.Handle(GetReportQuery request, CancellationToken cancellationToken) in c:\Users\Ali\Desktop\Final-Case-Taslak\MOS.Api\MOS.Business\Query\ReportQueryHandler.cs:line 43
   at MOS.Api.Controllers.AdminPanelController.GetReprot(ReportRequest request) in c:\Users\Ali\Desktop\Final-Case-Taslak\MOS.Api\MOS.Api\Controllers\AdminPanelController.cs:line 130
   at lambda_method86(Closure, Object)
   at Microsoft.AspNetCore.Mvc.Infrastructure.ActionMethodExecutor.AwaitableObjectResultExecutor.Execute(ActionContext actionContext, IActionResultTypeMapper mapper, ObjectMethodExecutor executor, Object controller, Object[] arguments)
   at Microsoft.AspNetCore.Mvc.Infrastructure.ControllerActionInvoker.<InvokeActionMethodAsync>g__Awaited|12_0(ControllerActionInvoker invoker, ValueTask`1 actionResultValueTask)
   at Microsoft.AspNetCore.Mvc.Infrastructure.ControllerActionInvoker.<InvokeNextActionFilterAsync>g__Awaited|10_0(ControllerActionInvoker invoker, Task lastTask, State next, Scope scope, Object state, Boolean isCompleted)
   at Microsoft.AspNetCore.Mvc.Infrastructure.ControllerActionInvoker.Rethrow(ActionExecutedContextSealed context)
   at Microsoft.AspNetCore.Mvc.Infrastructure.ControllerActionInvoker.Next(State& next, Scope& scope, Object& state, Boolean& isCompleted)
   at Microsoft.AspNetCore.Mvc.Infrastructure.ControllerActionInvoker.InvokeInnerFilterAsync()
--- End of stack trace from previous location ---
   at Microsoft.AspNetCore.Mvc.Infrastructure.ResourceInvoker.<InvokeFilterPipelineAsync>g__Awaited|20_0(ResourceInvoker invoker, Task lastTask, State next, Scope scope, Object state, Boolean isCompleted)
   at Microsoft.AspNetCore.Mvc.Infrastructure.ResourceInvoker.<InvokeAsync>g__Awaited|17_0(ResourceInvoker invoker, Task task, IDisposable scope)
   at Microsoft.AspNetCore.Mvc.Infrastructure.ResourceInvoker.<InvokeAsync>g__Awaited|17_0(ResourceInvoker invoker, Task task, IDisposable scope)
   at MOS.Middleware.CustomExceptionMiddleware.Invoke(HttpContext context) in c:\Users\Ali\Desktop\Final-Case-Taslak\MOS.Api\MOS.Api\Middleware\CustomExceptionMiddleware.cs:line 22
2024-01-18 14:22:56.492 [FTL] Path=/api/AdminPanel/Report || Method=POST || Exception=Object reference not set to an instance of an object.Miliseconds=19708,2107 ms
2024-01-18 14:22:56.493 [ERR] HTTP POST /api/AdminPanel/Report responded 500 in 19710.6791 ms
2024-01-18 14:24:30.148 [INF] [Request] Http POST - /api/AdminPanel/Report
2024-01-18 14:24:47.932 [INF] [Response] Http POST - /api/AdminPanel/Report - Responded 200 in 17785,4477 ms.
2024-01-18 14:24:47.933 [INF] HTTP POST /api/AdminPanel/Report responded 200 in 17787.9680 ms
2024-01-18 14:25:09.913 [INF] [Request] Http POST - /api/AdminPanel/Report
2024-01-18 14:27:26.848 [WRN] Failed to determine the https port for redirect.
2024-01-18 14:27:27.063 [INF] [Request] Http POST - /api/AdminPanel/Report
2024-01-18 14:28:13.774 [INF] [Response] Http POST - /api/AdminPanel/Report - Responded 200 in 46710,7822 ms.
2024-01-18 14:28:13.776 [INF] HTTP POST /api/AdminPanel/Report responded 200 in 46930.5199 ms
2024-01-18 14:58:41.769 [WRN] Failed to determine the https port for redirect.
2024-01-18 14:58:41.900 [INF] [Request] Http POST - /api/Image/upload
2024-01-18 14:58:41.982 [INF] [Response] Http POST - /api/Image/upload - Responded 200 in 80,6285 ms.
2024-01-18 14:58:41.986 [INF] HTTP POST /api/Image/upload responded 200 in 219.4869 ms
2024-01-18 15:10:17.622 [WRN] Failed to determine the https port for redirect.
2024-01-18 15:10:17.738 [INF] [Request] Http POST - /api/Image/upload
2024-01-18 15:10:17.741 [INF] [Response] Http POST - /api/Image/upload - Responded 404 in 2,5389 ms.
2024-01-18 15:10:17.743 [INF] HTTP POST /api/Image/upload responded 404 in 122.6851 ms
2024-01-18 15:10:45.727 [INF] [Request] Http POST - /api/Image/upload
2024-01-18 15:10:45.729 [INF] [Response] Http POST - /api/Image/upload - Responded 404 in 2,0836 ms.
2024-01-18 15:10:45.730 [INF] HTTP POST /api/Image/upload responded 404 in 5.7863 ms
2024-01-18 15:10:57.691 [INF] [Request] Http POST - /api/Image/upload
2024-01-18 15:10:57.692 [INF] [Response] Http POST - /api/Image/upload - Responded 404 in 1,2072 ms.
2024-01-18 15:10:57.693 [INF] HTTP POST /api/Image/upload responded 404 in 4.1224 ms
2024-01-18 15:11:11.335 [INF] [Request] Http POST - /api/File/UploadFile
2024-01-18 15:11:11.397 [INF] [Response] Http POST - /api/File/UploadFile - Responded 200 in 62,7685 ms.
2024-01-18 15:11:11.400 [INF] HTTP POST /api/File/UploadFile responded 200 in 66.7551 ms
2024-01-18 15:18:34.554 [WRN] Failed to determine the https port for redirect.
2024-01-18 15:18:34.621 [INF] [Request] Http GET - /api/File/downloadFile
2024-01-18 15:18:34.652 [INF] [Response] Http GET - /api/File/downloadFile - Responded 404 in 29,0688 ms.
2024-01-18 15:18:34.655 [INF] HTTP GET /api/File/downloadFile responded 404 in 104.2915 ms
2024-01-18 15:21:01.381 [WRN] Failed to determine the https port for redirect.
2024-01-18 15:21:01.497 [INF] [Request] Http GET - /api/File/downloadByPath
2024-01-18 15:21:01.548 [INF] [Response] Http GET - /api/File/downloadByPath - Responded 200 in 49,1976 ms.
2024-01-18 15:21:01.552 [INF] HTTP GET /api/File/downloadByPath responded 200 in 174.4524 ms
2024-01-18 16:49:25.434 [WRN] Failed to determine the https port for redirect.
2024-01-18 16:49:25.561 [INF] [Request] Http POST - /api/Token/TakeToken
2024-01-18 16:49:26.861 [INF] [Response] Http POST - /api/Token/TakeToken - Responded 200 in 1298,9145 ms.
2024-01-18 16:49:26.863 [INF] HTTP POST /api/Token/TakeToken responded 200 in 1431.6084 ms
2024-01-18 16:49:51.423 [INF] [Request] Http GET - /api/AdminPanel/MyProfile
2024-01-18 16:49:51.485 [INF] [Response] Http GET - /api/AdminPanel/MyProfile - Responded 200 in 61,7325 ms.
2024-01-18 16:49:51.485 [INF] HTTP GET /api/AdminPanel/MyProfile responded 200 in 100.2354 ms
2024-01-18 16:52:17.696 [INF] [Request] Http GET - /api/AdminPanel/ApproveWaitingExpense
2024-01-18 16:52:17.909 [ERR] UnexpectedError
System.InvalidOperationException: An exception was thrown while attempting to evaluate a LINQ query parameter expression. See the inner exception for more information. To show additional information call 'DbContextOptionsBuilder.EnableSensitiveDataLogging'.
 ---> System.NullReferenceException: Object reference not set to an instance of an object.
   at System.Object.GetType()
   at System.Linq.Expressions.Interpreter.FuncCallInstruction`2.Run(InterpretedFrame frame)
   at System.Linq.Expressions.Interpreter.Interpreter.Run(InterpretedFrame frame)
   at System.Linq.Expressions.Interpreter.LightLambda.Run(Object[] arguments)
   at System.Dynamic.Utils.DelegateHelpers.FuncThunk[TReturn](Func`2 handler)
   at Microsoft.EntityFrameworkCore.Query.Internal.ParameterExtractingExpressionVisitor.GetValue(Expression expression, String& parameterName)
   --- End of inner exception stack trace ---
   at Microsoft.EntityFrameworkCore.Query.Internal.ParameterExtractingExpressionVisitor.GetValue(Expression expression, String& parameterName)
   at Microsoft.EntityFrameworkCore.Query.Internal.ParameterExtractingExpressionVisitor.Evaluate(Expression expression, Boolean generateParameter)
   at Microsoft.EntityFrameworkCore.Query.Internal.ParameterExtractingExpressionVisitor.Visit(Expression expression)
   at System.Dynamic.Utils.ExpressionVisitorUtils.VisitArguments(ExpressionVisitor visitor, IArgumentProvider nodes)
   at System.Linq.Expressions.ExpressionVisitor.VisitMethodCall(MethodCallExpression node)
   at Microsoft.EntityFrameworkCore.Query.Internal.ParameterExtractingExpressionVisitor.Visit(Expression expression)
   at Microsoft.EntityFrameworkCore.Query.Internal.ParameterExtractingExpressionVisitor.VisitBinary(BinaryExpression binaryExpression)
   at Microsoft.EntityFrameworkCore.Query.Internal.ParameterExtractingExpressionVisitor.Visit(Expression expression)
   at System.Linq.Expressions.ExpressionVisitor.VisitLambda[T](Expression`1 node)
   at Microsoft.EntityFrameworkCore.Query.Internal.ParameterExtractingExpressionVisitor.Visit(Expression expression)
   at System.Linq.Expressions.ExpressionVisitor.VisitUnary(UnaryExpression node)
   at Microsoft.EntityFrameworkCore.Query.Internal.ParameterExtractingExpressionVisitor.Visit(Expression expression)
   at System.Dynamic.Utils.ExpressionVisitorUtils.VisitArguments(ExpressionVisitor visitor, IArgumentProvider nodes)
   at System.Linq.Expressions.ExpressionVisitor.VisitMethodCall(MethodCallExpression node)
   at Microsoft.EntityFrameworkCore.Query.Internal.ParameterExtractingExpressionVisitor.Visit(Expression expression)
   at Microsoft.EntityFrameworkCore.Query.Internal.ParameterExtractingExpressionVisitor.ExtractParameters(Expression expression, Boolean clearEvaluatedValues)
   at Microsoft.EntityFrameworkCore.Query.Internal.ParameterExtractingExpressionVisitor.ExtractParameters(Expression expression)
   at Microsoft.EntityFrameworkCore.Query.Internal.QueryCompiler.ExtractParameters(Expression query, IParameterValues parameterValues, IDiagnosticsLogger`1 logger, Boolean parameterize, Boolean generateContextAccessors)
   at Microsoft.EntityFrameworkCore.Query.Internal.QueryCompiler.ExecuteAsync[TResult](Expression query, CancellationToken cancellationToken)
   at Microsoft.EntityFrameworkCore.Query.Internal.EntityQueryProvider.ExecuteAsync[TResult](Expression expression, CancellationToken cancellationToken)
   at Microsoft.EntityFrameworkCore.Query.Internal.EntityQueryable`1.GetAsyncEnumerator(CancellationToken cancellationToken)
   at System.Runtime.CompilerServices.ConfiguredCancelableAsyncEnumerable`1.GetAsyncEnumerator()
   at Microsoft.EntityFrameworkCore.EntityFrameworkQueryableExtensions.ToListAsync[TSource](IQueryable`1 source, CancellationToken cancellationToken)
   at MOS.Business.Query.ExpenseQueryHandler.Handle(GetExpenseByParameterQuery request, CancellationToken cancellationToken) in c:\Users\Ali\Desktop\Final-Case-Taslak\MOS.Api\MOS.Business\Query\ExpenseQueryHandler.cs:line 144
   at MOS.Api.Controllers.AdminPanelController.GetApproveWaitingExpense() in c:\Users\Ali\Desktop\Final-Case-Taslak\MOS.Api\MOS.Api\Controllers\AdminPanelController.cs:line 93
   at lambda_method97(Closure, Object)
   at Microsoft.AspNetCore.Mvc.Infrastructure.ActionMethodExecutor.AwaitableObjectResultExecutor.Execute(ActionContext actionContext, IActionResultTypeMapper mapper, ObjectMethodExecutor executor, Object controller, Object[] arguments)
   at Microsoft.AspNetCore.Mvc.Infrastructure.ControllerActionInvoker.<InvokeActionMethodAsync>g__Awaited|12_0(ControllerActionInvoker invoker, ValueTask`1 actionResultValueTask)
   at Microsoft.AspNetCore.Mvc.Infrastructure.ControllerActionInvoker.<InvokeNextActionFilterAsync>g__Awaited|10_0(ControllerActionInvoker invoker, Task lastTask, State next, Scope scope, Object state, Boolean isCompleted)
   at Microsoft.AspNetCore.Mvc.Infrastructure.ControllerActionInvoker.Rethrow(ActionExecutedContextSealed context)
   at Microsoft.AspNetCore.Mvc.Infrastructure.ControllerActionInvoker.Next(State& next, Scope& scope, Object& state, Boolean& isCompleted)
   at Microsoft.AspNetCore.Mvc.Infrastructure.ControllerActionInvoker.InvokeInnerFilterAsync()
--- End of stack trace from previous location ---
   at Microsoft.AspNetCore.Mvc.Infrastructure.ResourceInvoker.<InvokeFilterPipelineAsync>g__Awaited|20_0(ResourceInvoker invoker, Task lastTask, State next, Scope scope, Object state, Boolean isCompleted)
   at Microsoft.AspNetCore.Mvc.Infrastructure.ResourceInvoker.<InvokeAsync>g__Awaited|17_0(ResourceInvoker invoker, Task task, IDisposable scope)
   at Microsoft.AspNetCore.Mvc.Infrastructure.ResourceInvoker.<InvokeAsync>g__Awaited|17_0(ResourceInvoker invoker, Task task, IDisposable scope)
   at MOS.Middleware.CustomExceptionMiddleware.Invoke(HttpContext context) in c:\Users\Ali\Desktop\Final-Case-Taslak\MOS.Api\MOS.Api\Middleware\CustomExceptionMiddleware.cs:line 22
2024-01-18 16:52:17.924 [FTL] Path=/api/AdminPanel/ApproveWaitingExpense || Method=GET || Exception=An exception was thrown while attempting to evaluate a LINQ query parameter expression. See the inner exception for more information. To show additional information call 'DbContextOptionsBuilder.EnableSensitiveDataLogging'.Miliseconds=200,8057 ms
2024-01-18 16:52:17.991 [ERR] HTTP GET /api/AdminPanel/ApproveWaitingExpense responded 500 in 302.1863 ms
2024-01-18 16:54:54.677 [WRN] Failed to determine the https port for redirect.
2024-01-18 16:54:54.853 [INF] [Request] Http GET - /api/AdminPanel/ApproveWaitingExpense
2024-01-18 16:55:34.597 [ERR] UnexpectedError
System.InvalidOperationException: An exception was thrown while attempting to evaluate a LINQ query parameter expression. See the inner exception for more information. To show additional information call 'DbContextOptionsBuilder.EnableSensitiveDataLogging'.
 ---> System.NullReferenceException: Object reference not set to an instance of an object.
   at System.Object.GetType()
   at System.Linq.Expressions.Interpreter.FuncCallInstruction`2.Run(InterpretedFrame frame)
   at System.Linq.Expressions.Interpreter.Interpreter.Run(InterpretedFrame frame)
   at System.Linq.Expressions.Interpreter.LightLambda.Run(Object[] arguments)
   at System.Dynamic.Utils.DelegateHelpers.FuncThunk[TReturn](Func`2 handler)
   at Microsoft.EntityFrameworkCore.Query.Internal.ParameterExtractingExpressionVisitor.GetValue(Expression expression, String& parameterName)
   --- End of inner exception stack trace ---
   at Microsoft.EntityFrameworkCore.Query.Internal.ParameterExtractingExpressionVisitor.GetValue(Expression expression, String& parameterName)
   at Microsoft.EntityFrameworkCore.Query.Internal.ParameterExtractingExpressionVisitor.Evaluate(Expression expression, Boolean generateParameter)
   at Microsoft.EntityFrameworkCore.Query.Internal.ParameterExtractingExpressionVisitor.Visit(Expression expression)
   at System.Dynamic.Utils.ExpressionVisitorUtils.VisitArguments(ExpressionVisitor visitor, IArgumentProvider nodes)
   at System.Linq.Expressions.ExpressionVisitor.VisitMethodCall(MethodCallExpression node)
   at Microsoft.EntityFrameworkCore.Query.Internal.ParameterExtractingExpressionVisitor.Visit(Expression expression)
   at Microsoft.EntityFrameworkCore.Query.Internal.ParameterExtractingExpressionVisitor.VisitBinary(BinaryExpression binaryExpression)
   at Microsoft.EntityFrameworkCore.Query.Internal.ParameterExtractingExpressionVisitor.Visit(Expression expression)
   at System.Linq.Expressions.ExpressionVisitor.VisitLambda[T](Expression`1 node)
   at Microsoft.EntityFrameworkCore.Query.Internal.ParameterExtractingExpressionVisitor.Visit(Expression expression)
   at System.Linq.Expressions.ExpressionVisitor.VisitUnary(UnaryExpression node)
   at Microsoft.EntityFrameworkCore.Query.Internal.ParameterExtractingExpressionVisitor.Visit(Expression expression)
   at System.Dynamic.Utils.ExpressionVisitorUtils.VisitArguments(ExpressionVisitor visitor, IArgumentProvider nodes)
   at System.Linq.Expressions.ExpressionVisitor.VisitMethodCall(MethodCallExpression node)
   at Microsoft.EntityFrameworkCore.Query.Internal.ParameterExtractingExpressionVisitor.Visit(Expression expression)
   at Microsoft.EntityFrameworkCore.Query.Internal.ParameterExtractingExpressionVisitor.ExtractParameters(Expression expression, Boolean clearEvaluatedValues)
   at Microsoft.EntityFrameworkCore.Query.Internal.ParameterExtractingExpressionVisitor.ExtractParameters(Expression expression)
   at Microsoft.EntityFrameworkCore.Query.Internal.QueryCompiler.ExtractParameters(Expression query, IParameterValues parameterValues, IDiagnosticsLogger`1 logger, Boolean parameterize, Boolean generateContextAccessors)
   at Microsoft.EntityFrameworkCore.Query.Internal.QueryCompiler.ExecuteAsync[TResult](Expression query, CancellationToken cancellationToken)
   at Microsoft.EntityFrameworkCore.Query.Internal.EntityQueryProvider.ExecuteAsync[TResult](Expression expression, CancellationToken cancellationToken)
   at Microsoft.EntityFrameworkCore.Query.Internal.EntityQueryable`1.GetAsyncEnumerator(CancellationToken cancellationToken)
   at System.Runtime.CompilerServices.ConfiguredCancelableAsyncEnumerable`1.GetAsyncEnumerator()
   at Microsoft.EntityFrameworkCore.EntityFrameworkQueryableExtensions.ToListAsync[TSource](IQueryable`1 source, CancellationToken cancellationToken)
   at MOS.Business.Query.ExpenseQueryHandler.Handle(GetExpenseByParameterQuery request, CancellationToken cancellationToken) in c:\Users\Ali\Desktop\Final-Case-Taslak\MOS.Api\MOS.Business\Query\ExpenseQueryHandler.cs:line 144
   at MOS.Api.Controllers.AdminPanelController.GetApproveWaitingExpense() in c:\Users\Ali\Desktop\Final-Case-Taslak\MOS.Api\MOS.Api\Controllers\AdminPanelController.cs:line 93
   at lambda_method5(Closure, Object)
   at Microsoft.AspNetCore.Mvc.Infrastructure.ActionMethodExecutor.AwaitableObjectResultExecutor.Execute(ActionContext actionContext, IActionResultTypeMapper mapper, ObjectMethodExecutor executor, Object controller, Object[] arguments)
   at Microsoft.AspNetCore.Mvc.Infrastructure.ControllerActionInvoker.<InvokeActionMethodAsync>g__Awaited|12_0(ControllerActionInvoker invoker, ValueTask`1 actionResultValueTask)
   at Microsoft.AspNetCore.Mvc.Infrastructure.ControllerActionInvoker.<InvokeNextActionFilterAsync>g__Awaited|10_0(ControllerActionInvoker invoker, Task lastTask, State next, Scope scope, Object state, Boolean isCompleted)
   at Microsoft.AspNetCore.Mvc.Infrastructure.ControllerActionInvoker.Rethrow(ActionExecutedContextSealed context)
   at Microsoft.AspNetCore.Mvc.Infrastructure.ControllerActionInvoker.Next(State& next, Scope& scope, Object& state, Boolean& isCompleted)
   at Microsoft.AspNetCore.Mvc.Infrastructure.ControllerActionInvoker.InvokeInnerFilterAsync()
--- End of stack trace from previous location ---
   at Microsoft.AspNetCore.Mvc.Infrastructure.ResourceInvoker.<InvokeFilterPipelineAsync>g__Awaited|20_0(ResourceInvoker invoker, Task lastTask, State next, Scope scope, Object state, Boolean isCompleted)
   at Microsoft.AspNetCore.Mvc.Infrastructure.ResourceInvoker.<InvokeAsync>g__Awaited|17_0(ResourceInvoker invoker, Task task, IDisposable scope)
   at Microsoft.AspNetCore.Mvc.Infrastructure.ResourceInvoker.<InvokeAsync>g__Awaited|17_0(ResourceInvoker invoker, Task task, IDisposable scope)
   at MOS.Middleware.CustomExceptionMiddleware.Invoke(HttpContext context) in c:\Users\Ali\Desktop\Final-Case-Taslak\MOS.Api\MOS.Api\Middleware\CustomExceptionMiddleware.cs:line 22
2024-01-18 16:55:34.603 [FTL] Path=/api/AdminPanel/ApproveWaitingExpense || Method=GET || Exception=An exception was thrown while attempting to evaluate a LINQ query parameter expression. See the inner exception for more information. To show additional information call 'DbContextOptionsBuilder.EnableSensitiveDataLogging'.Miliseconds=39738,7593 ms
2024-01-18 16:55:34.674 [ERR] HTTP GET /api/AdminPanel/ApproveWaitingExpense responded 500 in 39998.5326 ms
2024-01-18 16:57:26.329 [WRN] Failed to determine the https port for redirect.
2024-01-18 16:57:26.508 [INF] [Request] Http GET - /api/AdminPanel/ApproveWaitingExpense
2024-01-18 16:57:55.053 [INF] [Response] Http GET - /api/AdminPanel/ApproveWaitingExpense - Responded 200 in 28544,6701 ms.
2024-01-18 16:57:55.057 [INF] HTTP GET /api/AdminPanel/ApproveWaitingExpense responded 200 in 28729.3794 ms
2024-01-18 16:59:27.898 [INF] [Request] Http GET - /api/AdminPanel/GetExpenseParameter
2024-01-18 16:59:54.424 [INF] [Response] Http GET - /api/AdminPanel/GetExpenseParameter - Responded 200 in 26525,7212 ms.
2024-01-18 16:59:54.424 [INF] HTTP GET /api/AdminPanel/GetExpenseParameter responded 200 in 26530.9428 ms
2024-01-18 17:01:21.087 [INF] [Request] Http GET - /api/AdminPanel/GetAllExpense
2024-01-18 17:01:21.119 [INF] [Response] Http GET - /api/AdminPanel/GetAllExpense - Responded 200 in 32,067 ms.
2024-01-18 17:01:21.119 [INF] HTTP GET /api/AdminPanel/GetAllExpense responded 200 in 34.6358 ms
2024-01-18 17:04:42.600 [INF] [Request] Http POST - /api/AdminPanel/RejectedById/4
2024-01-18 17:04:42.807 [INF] [Response] Http POST - /api/AdminPanel/RejectedById/4 - Responded 200 in 207,2249 ms.
2024-01-18 17:04:42.807 [INF] HTTP POST /api/AdminPanel/RejectedById/4 responded 200 in 208.1972 ms
2024-01-18 17:05:38.406 [INF] [Request] Http POST - /api/AdminPanel/RejectedById/10
2024-01-18 17:05:38.422 [INF] [Response] Http POST - /api/AdminPanel/RejectedById/10 - Responded 200 in 16,484 ms.
2024-01-18 17:05:38.422 [INF] HTTP POST /api/AdminPanel/RejectedById/10 responded 200 in 45.2918 ms
2024-01-18 17:10:06.411 [WRN] Failed to determine the https port for redirect.
2024-01-18 17:10:06.527 [INF] [Request] Http GET - /api/AdminPanel/GetExpenseParameter
2024-01-18 17:10:07.532 [INF] [Response] Http GET - /api/AdminPanel/GetExpenseParameter - Responded 200 in 1004,4914 ms.
2024-01-18 17:10:07.535 [INF] HTTP GET /api/AdminPanel/GetExpenseParameter responded 200 in 1125.6767 ms
2024-01-18 17:11:04.059 [INF] [Request] Http POST - /api/AdminPanel/RejectedById/6
2024-01-18 17:11:04.224 [INF] [Response] Http POST - /api/AdminPanel/RejectedById/6 - Responded 200 in 164,6471 ms.
2024-01-18 17:11:04.225 [INF] HTTP POST /api/AdminPanel/RejectedById/6 responded 200 in 170.9438 ms
2024-01-18 19:12:37.332 [WRN] Failed to determine the https port for redirect.
2024-01-18 19:12:37.396 [INF] [Request] Http POST - /api/Token/TakeToken
2024-01-18 19:12:38.390 [INF] [Response] Http POST - /api/Token/TakeToken - Responded 200 in 993,8734 ms.
2024-01-18 19:12:38.394 [INF] HTTP POST /api/Token/TakeToken responded 200 in 1064.1473 ms
2024-01-18 22:55:34.938 [WRN] Failed to determine the https port for redirect.
2024-01-18 22:55:35.163 [INF] [Request] Http POST - /api/Token/TakeToken
2024-01-18 22:55:38.063 [INF] [Response] Http POST - /api/Token/TakeToken - Responded 200 in 2896,9644 ms.
2024-01-18 22:55:38.067 [INF] HTTP POST /api/Token/TakeToken responded 200 in 3135.8546 ms
2024-01-18 22:56:54.761 [INF] [Request] Http POST - /api/PersonalPanel/CreateExpense
2024-01-18 22:57:17.215 [INF] [Response] Http POST - /api/PersonalPanel/CreateExpense - Responded 200 in 22453,9284 ms.
2024-01-18 22:57:17.215 [INF] HTTP POST /api/PersonalPanel/CreateExpense responded 200 in 22524.1921 ms
2024-01-18 22:58:02.338 [INF] [Request] Http POST - /api/Token/TakeToken
2024-01-18 22:58:02.376 [INF] [Response] Http POST - /api/Token/TakeToken - Responded 200 in 38,0772 ms.
2024-01-18 22:58:02.376 [INF] HTTP POST /api/Token/TakeToken responded 200 in 44.8838 ms
2024-01-18 22:58:40.056 [INF] [Request] Http POST - /api/AdminPanel/ApproveById/21
2024-01-18 23:00:15.711 [INF] [Response] Http POST - /api/AdminPanel/ApproveById/21 - Responded 200 in 95655,1978 ms.
2024-01-18 23:00:15.712 [INF] HTTP POST /api/AdminPanel/ApproveById/21 responded 200 in 95658.3817 ms
